#
# A fatal error has been detected by the Java Runtime Environment:
#
#  Internal Error (jvmciRuntime.cpp:1609), pid=40, tid=62
#  fatal error: Fatal exception in JVMCI: Error calling jdk.vm.ci.services.Services.serializeSavedProperties
#
# JRE version: OpenJDK Runtime Environment GraalVM CE 22.3.0 (17.0.5+8) (build 17.0.5+8-jvmci-22.3-b08)
# Java VM: OpenJDK 64-Bit Server VM GraalVM CE 22.3.0 (17.0.5+8-jvmci-22.3-b08, mixed mode, sharing, tiered, jvmci, jvmci compiler, compressed oops, compressed class ptrs, parallel gc, linux-amd64)
# Problematic frame:
# V  [libjvm.so+0x972714]  JVMCIRuntime::fatal_exception(JVMCIEnv*, char const*)+0x74
#
# Core dump will be written. Default location: Core dumps may be processed with "/usr/share/apport/apport -p%p -s%s -c%c -d%d -P%P -u%u -g%g -- %E" (or dumping to /home/runner/Practica-Estructural-en-Java/core.40)
#
# If you would like to submit a bug report, please visit:
#   https://github.com/oracle/graal/issues
#

---------------  S U M M A R Y ------------

Command Line: -XX:ThreadPriorityPolicy=1 -XX:+UnlockExperimentalVMOptions -XX:+EnableJVMCIProduct -XX:JVMCIThreadsPerNativeLibraryRuntime=1 -XX:-UnlockExperimentalVMOptions -Declipse.application=org.eclipse.jdt.ls.core.id1 -Dosgi.bundles.defaultStartLevel=4 -Declipse.product=org.eclipse.jdt.ls.core.product -Dlog.level=ALL -Xverify:none -XX:+UseParallelGC -XX:GCTimeRatio=4 -XX:AdaptiveSizePolicyWeight=90 -Dsun.zip.disableMemoryMapping=true -Xmx512m -Xms100m /nix/store/a7s9klvriqi68xz3qjc0qyfl5h86xc16-jdt-language-server-1.9.0/share/java/plugins/org.eclipse.equinox.launcher_1.6.400.v20210924-0641.jar --add-modules=ALL-SYSTEM --add-opens java.base/java.util=ALL-UNNAMED --add-opens java.base/java.lang=ALL-UNNAMED -configuration /home/runner/Practica-Estructural-en-Java/.cache/jdt-language-server/config -data /home/runner/Practica-Estructural-en-Java/.cache/jdt-language-server/data/home/runner/Practica-Estructural-en-Java

Host: Intel(R) Xeon(R) CPU @ 2.20GHz, 8 cores, 1G, Ubuntu 20.04.2 LTS
Time: Sat Jan 27 00:10:10 2024 UTC elapsed time: 1314.697950 seconds (0d 0h 21m 54s)

---------------  T H R E A D  ---------------

Current thread (0x00007fdfb00b1d00):  JavaThread "JVMCI-native CompilerThread0" daemon [_thread_in_vm, id=62, stack(0x00007fdf96700000,0x00007fdf96900000)]


Current CompileTask:
JVMCI-native:1314698 7007       4       org.eclipse.jdt.internal.compiler.util.CharDelegateMap::put (44 bytes)

Stack: [0x00007fdf96700000,0x00007fdf96900000],  sp=0x00007fdf968fe380,  free space=2040k
Native frames: (J=compiled Java code, j=interpreted, Vv=VM code, C=native code)
V  [libjvm.so+0x972714]  JVMCIRuntime::fatal_exception(JVMCIEnv*, char const*)+0x74
V  [libjvm.so+0x93e2fe]  JVMCIEnv::copy_saved_properties()+0x14e
V  [libjvm.so+0x9732a9]  JVMCIRuntime::initialize(JVMCIEnv*)+0xb19
V  [libjvm.so+0x9738a2]  JVMCIRuntime::get_HotSpotJVMCIRuntime(JVMCIEnv*)+0x12
V  [libjvm.so+0x9749f2]  JVMCIRuntime::compile_method(JVMCIEnv*, JVMCICompiler*, methodHandle const&, int)+0xd2
V  [libjvm.so+0x5b0d20]  CompileBroker::invoke_compiler_on_method(CompileTask*)+0x1470
V  [libjvm.so+0x5b12e8]  CompileBroker::compiler_thread_loop()+0x528
V  [libjvm.so+0xd82460]  JavaThread::thread_main_inner()+0xd0
V  [libjvm.so+0xd85a40]  Thread::call_run()+0xc0
V  [libjvm.so+0xbdb1e1]  thread_native_entry(Thread*)+0xe1

Register to memory mapping:

RAX=0x00007fdfb6428000 points into unknown readable memory: 0x0000000000000058 | 58 00 00 00 00 00 00 00
RBX=0x00007fdfb7523398: <offset 0x0000000000ef5398> in /nix/store/gpxl5qgg8kicmcvivwmybwjlpf7wh20l-graalvm17-ce-22.3.0/lib/server/libjvm.so at 0x00007fdfb662e000
RCX=0x00007fdfb74db1e8: <offset 0x0000000000ead1e8> in /nix/store/gpxl5qgg8kicmcvivwmybwjlpf7wh20l-graalvm17-ce-22.3.0/lib/server/libjvm.so at 0x00007fdfb662e000
RDX=0x0000000000000649 is an unknown value
RSP=0x00007fdf968fe380 is pointing into the stack for thread: 0x00007fdfb00b1d00
RBP=0x00007fdf968fe3a0 is pointing into the stack for thread: 0x00007fdfb00b1d00
RSI=0x00007fdfb7523c48: <offset 0x0000000000ef5c48> in /nix/store/gpxl5qgg8kicmcvivwmybwjlpf7wh20l-graalvm17-ce-22.3.0/lib/server/libjvm.so at 0x00007fdfb662e000
RDI=0x00000000e0000000 is an oop: [B 
{0x00000000e0000000} - klass: {type array byte}
 - length: 60
R8 =0x00007fdfb7523398: <offset 0x0000000000ef5398> in /nix/store/gpxl5qgg8kicmcvivwmybwjlpf7wh20l-graalvm17-ce-22.3.0/lib/server/libjvm.so at 0x00007fdfb662e000
R9 =0x00007fdf968fe330 is pointing into the stack for thread: 0x00007fdfb00b1d00
R10=0x00007fdf968ff948 is pointing into the stack for thread: 0x00007fdfb00b1d00
R11=0x0000000000000293 is an unknown value
R12=0x0 is NULL
R13=0x00007fdfb00b1d00 is a thread
R14=0x00007fdfb0000b80 points into unknown readable memory: 0x00007fdfb7754a38 | 38 4a 75 b7 df 7f 00 00
R15=0x00007fdfb7862e40: <offset 0x0000000001234e40> in /nix/store/gpxl5qgg8kicmcvivwmybwjlpf7wh20l-graalvm17-ce-22.3.0/lib/server/libjvm.so at 0x00007fdfb662e000


Registers:
RAX=0x00007fdfb6428000, RBX=0x00007fdfb7523398, RCX=0x00007fdfb74db1e8, RDX=0x0000000000000649
RSP=0x00007fdf968fe380, RBP=0x00007fdf968fe3a0, RSI=0x00007fdfb7523c48, RDI=0x00000000e0000000
R8 =0x00007fdfb7523398, R9 =0x00007fdf968fe330, R10=0x00007fdf968ff948, R11=0x0000000000000293
R12=0x0000000000000000, R13=0x00007fdfb00b1d00, R14=0x00007fdfb0000b80, R15=0x00007fdfb7862e40
RIP=0x00007fdfb6fa0714, EFLAGS=0x0000000000010206, CSGSFS=0x002b000000000033, ERR=0x0000000000000006
  TRAPNO=0x000000000000000e

Top of Stack: (sp=0x00007fdf968fe380)
0x00007fdf968fe380:   00007fdf968fe940 00007fdfb00b1d00
0x00007fdf968fe390:   00007fdfb4db98c8 0000000800c417a0
0x00007fdf968fe3a0:   00007fdf968fe500 00007fdfb6f6c2fe
0x00007fdf968fe3b0:   00007fdf968fe3e0 00007fdf968fe440 

Instructions: (pc=0x00007fdfb6fa0714)
0x00007fdfb6fa0614:   30 e8 f6 cf e8 ff 4c 89 e7 e8 2e 48 d1 ff 84 db
0x00007fdfb6fa0624:   75 2a 4d 85 ed 74 04 4d 8b 6d 00 48 83 c4 08 44
0x00007fdfb6fa0634:   89 f9 4c 89 f2 4c 89 ee 5b 4c 89 e7 41 5c 41 5d
0x00007fdfb6fa0644:   41 5e 41 5f 5d e9 e2 47 d1 ff 66 90 48 83 c4 08
0x00007fdfb6fa0654:   5b 41 5c 41 5d 41 5e 41 5f 5d c3 90 31 d2 be 08
0x00007fdfb6fa0664:   00 00 00 4c 89 ff e8 b1 78 a3 ff 49 89 c5 e9 37
0x00007fdfb6fa0674:   ff ff ff 66 0f 1f 84 00 00 00 00 00 48 8b 7a 08
0x00007fdfb6fa0684:   e9 6d ff ff ff 0f 1f 80 00 00 00 00 e8 5b 48 0a
0x00007fdfb6fa0694:   00 84 c0 75 89 e9 6a ff ff ff 66 90 55 48 89 e5
0x00007fdfb6fa06a4:   41 56 41 55 41 54 49 89 fc 53 48 89 f3 66 48 8d
0x00007fdfb6fa06b4:   3d 27 5e 85 00 66 66 48 e8 df 43 8d ff 4c 8b 28
0x00007fdfb6fa06c4:   8b 05 be 72 8a 00 85 c0 75 14 ba 01 00 00 00 48
0x00007fdfb6fa06d4:   8d 0d ae 72 8a 00 f0 0f b1 11 85 c0 74 4e be c8
0x00007fdfb6fa06e4:   00 00 00 4c 89 ef e8 01 0b 41 00 48 8d 05 12 ac
0x00007fdfb6fa06f4:   85 00 49 89 d8 48 8d 0d e8 aa 53 00 ba 49 06 00
0x00007fdfb6fa0704:   00 48 8d 35 3c 35 58 00 bf 00 00 00 e0 48 8b 00
0x00007fdfb6fa0714:   c6 00 58 31 c0 e8 e2 91 c6 ff 5b 41 5c 41 5d 41
0x00007fdfb6fa0724:   5e 5d e9 55 34 26 00 0f 1f 44 00 00 48 8d 05 81
0x00007fdfb6fa0734:   a3 8b 00 48 89 df 4c 8b 30 e8 9e 43 8d ff 48 89
0x00007fdfb6fa0744:   de 48 89 c2 49 8b 06 4c 89 f7 ff 50 08 4c 89 f7
0x00007fdfb6fa0754:   e8 a7 5c 27 00 4d 85 e4 74 12 be 01 00 00 00 4c
0x00007fdfb6fa0764:   89 e7 e8 35 43 fc ff eb 82 0f 1f 00 be 01 00 00
0x00007fdfb6fa0774:   00 4c 89 ef e8 d3 fd ff ff e9 6d ff ff ff 66 66
0x00007fdfb6fa0784:   2e 0f 1f 84 00 00 00 00 00 0f 1f 00 55 48 89 e5
0x00007fdfb6fa0794:   41 57 41 56 41 55 41 54 53 48 81 ec 08 02 00 00
0x00007fdfb6fa07a4:   64 48 8b 04 25 28 00 00 00 48 89 45 c8 8b 07 83
0x00007fdfb6fa07b4:   f8 02 0f 84 11 04 00 00 4c 8b 6f 18 49 89 ff 49
0x00007fdfb6fa07c4:   89 f4 4d 85 ed 74 14 4c 89 ef e8 5d 57 22 00 41
0x00007fdfb6fa07d4:   8b 07 83 f8 02 0f 84 19 04 00 00 48 8d 1d 9a 06
0x00007fdfb6fa07e4:   8a 00 4c 8d 35 0b 3c 58 00 eb 38 90 48 85 d2 7f
0x00007fdfb6fa07f4:   0d 48 8d 05 b4 c0 85 00 48 83 38 00 7e 0e 41 8b
0x00007fdfb6fa0804:   77 2c 4c 89 f7 31 c0 e8 a0 b2 f7 ff 49 8b 7f 18 


Stack slot to memory mapping:
stack at sp + 0 slots: 0x00007fdf968fe940 is pointing into the stack for thread: 0x00007fdfb00b1d00
stack at sp + 1 slots: 0x00007fdfb00b1d00 is a thread
stack at sp + 2 slots: 0x00007fdfb4db98c8 points into unknown readable memory: 0x6573001880c9ffff | ff ff c9 80 18 00 73 65
stack at sp + 3 slots: 0x0000000800c417a0 is a pointer to class: 
jdk.vm.ci.services.Services {0x0000000800c417a0}
 - instance size:     2
 - klass size:        65
 - access:            public final synchronized 
 - state:             fully_initialized
 - name:              'jdk/vm/ci/services/Services'
 - super:             'java/lang/Object'
 - sub:               
 - arrays:            NULL
 - methods:           Array<T>(0x00007fdf96c40640)
 - method ordering:   Array<T>(0x0000000800928960)
 - default_methods:   Array<T>(0x0000000000000000)
 - local interfaces:  Array<T>(0x00000008005ce810)
 - trans. interfaces: Array<T>(0x00000008005ce810)
 - constants:         constant pool [427] {0x00007fdf96c3f5d0} for 'jdk/vm/ci/services/Services' cache=0x00007fdf96c419a0
 - class loader data:  loader data: 0x00007fdfb0027d70 of 'bootstrap'
 - source file:       'Services.java'
 - class annotations:       Array<T>(0x0000000000000000)
 - class type annotations:  Array<T>(0x0000000000000000)
 - field annotations:       Array<T>(0x0000000000000000)
 - field type annotations:  Array<T>(0x0000000000000000)
 - inner classes:     Array<T>(0x00007fdf96c418e0)
 - nest members:     Array<T>(0x00007fdf96c41900)
 - permitted subclasses:     Array<T>(0x00000008005ce7a0)
 - java mirror:       a 'java/lang/Class'{0x00000000e02ae6c0} = 'jdk/vm/ci/services/Services'
 - vtable length      5  (start addr: 0x0000000800c41970)
 - itable length      2 (start addr: 0x0000000800c41998)
 - ---- static fields (3 words):
 - public static final 'IS_BUILDING_NATIVE_IMAGE' 'Z' @128 
 - public static final 'IS_IN_NATIVE_IMAGE' 'Z' @129 
 - private static volatile 'savedProperties' 'Ljava/util/Map;' @112 
 - static final 'JVMCI_ENABLED' 'Z' @130 
 - private static final 'servicesCache' 'Ljava/util/Map;' @116 
 - private static final 'MAX_UNICODE_IN_UTF8_LENGTH' 'I' @120 
 - private static final 'MAX_UTF8_PROPERTY_STRING_LENGTH' 'I' @124 
 - ---- non-static fields (0 words):
 - non-static oop maps: 
stack at sp + 4 slots: 0x00007fdf968fe500 is pointing into the stack for thread: 0x00007fdfb00b1d00
stack at sp + 5 slots: 0x00007fdfb6f6c2fe: <offset 0x000000000093e2fe> in /nix/store/gpxl5qgg8kicmcvivwmybwjlpf7wh20l-graalvm17-ce-22.3.0/lib/server/libjvm.so at 0x00007fdfb662e000
stack at sp + 6 slots: 0x00007fdf968fe3e0 is pointing into the stack for thread: 0x00007fdfb00b1d00
stack at sp + 7 slots: 0x00007fdf968fe440 is pointing into the stack for thread: 0x00007fdfb00b1d00


---------------  P R O C E S S  ---------------

Threads class SMR info:
_java_thread_list=0x00007fdf3c197780, length=30, elements={
0x00007fdfb0026010, 0x00007fdfb00a5fb0, 0x00007fdfb00a73f0, 0x00007fdfb00adb70,
0x00007fdfb00aef20, 0x00007fdfb00b0310, 0x00007fdfb00b1d00, 0x00007fdfb00b3210,
0x00007fdfb00b4660, 0x00007fdfb00df280, 0x00007fdfb0127db0, 0x00007fdfb02ec7f0,
0x00007fdfb0334590, 0x00007fdfb0337700, 0x00007fdf4402f850, 0x00007fdf443fd0e0,
0x00007fdf340010d0, 0x00007fdf4479b0c0, 0x00007fdfb03643a0, 0x00007fdf38000ff0,
0x00007fdfb03f6700, 0x00007fdf2c0232c0, 0x00007fdf28001130, 0x00007fdf3c213090,
0x00007fdf3c209000, 0x00007fdf3c215210, 0x00007fdf54002ab0, 0x00007fdf3c209760,
0x00007fdf3c20a260, 0x00007fdf3c209ce0
}

Java Threads: ( => current thread )
  0x00007fdfb0026010 JavaThread "main" [_thread_blocked, id=47, stack(0x00007fdfb6449000,0x00007fdfb6549000)]
  0x00007fdfb00a5fb0 JavaThread "Reference Handler" daemon [_thread_blocked, id=57, stack(0x00007fdfb4460000,0x00007fdfb4560000)]
  0x00007fdfb00a73f0 JavaThread "Finalizer" daemon [_thread_blocked, id=58, stack(0x00007fdfb4360000,0x00007fdfb4460000)]
  0x00007fdfb00adb70 JavaThread "Signal Dispatcher" daemon [_thread_blocked, id=59, stack(0x00007fdf96b00000,0x00007fdf96c00000)]
  0x00007fdfb00aef20 JavaThread "Service Thread" daemon [_thread_blocked, id=60, stack(0x00007fdf96a00000,0x00007fdf96b00000)]
  0x00007fdfb00b0310 JavaThread "Monitor Deflation Thread" daemon [_thread_blocked, id=61, stack(0x00007fdf96900000,0x00007fdf96a00000)]
=>0x00007fdfb00b1d00 JavaThread "JVMCI-native CompilerThread0" daemon [_thread_in_vm, id=62, stack(0x00007fdf96700000,0x00007fdf96900000)]
  0x00007fdfb00b3210 JavaThread "C1 CompilerThread0" daemon [_thread_blocked, id=63, stack(0x00007fdf96500000,0x00007fdf96700000)]
  0x00007fdfb00b4660 JavaThread "Sweeper thread" daemon [_thread_blocked, id=64, stack(0x00007fdf96400000,0x00007fdf96500000)]
  0x00007fdfb00df280 JavaThread "Common-Cleaner" daemon [_thread_blocked, id=65, stack(0x00007fdf96300000,0x00007fdf96400000)]
  0x00007fdfb0127db0 JavaThread "Notification Thread" daemon [_thread_blocked, id=66, stack(0x00007fdf96200000,0x00007fdf96300000)]
  0x00007fdfb02ec7f0 JavaThread "Active Thread: Equinox Container: f9108a28-ace3-4906-aeab-f78ed77723fd" [_thread_blocked, id=78, stack(0x00007fdf94e00000,0x00007fdf94f00000)]
  0x00007fdfb0334590 JavaThread "Framework Event Dispatcher: Equinox Container: f9108a28-ace3-4906-aeab-f78ed77723fd" daemon [_thread_blocked, id=83, stack(0x00007fdf94c00000,0x00007fdf94d00000)]
  0x00007fdfb0337700 JavaThread "Start Level: Equinox Container: f9108a28-ace3-4906-aeab-f78ed77723fd" daemon [_thread_blocked, id=85, stack(0x00007fdf94a00000,0x00007fdf94b00000)]
  0x00007fdf4402f850 JavaThread "SCR Component Actor" daemon [_thread_blocked, id=87, stack(0x00007fdf94800000,0x00007fdf94900000)]
  0x00007fdf443fd0e0 JavaThread "Worker-JM" [_thread_blocked, id=95, stack(0x00007fdf94400000,0x00007fdf94500000)]
  0x00007fdf340010d0 JavaThread "Worker-1: Periodic workspace save." [_thread_blocked, id=97, stack(0x00007fdf94000000,0x00007fdf94100000)]
  0x00007fdf4479b0c0 JavaThread "Bundle File Closer" daemon [_thread_blocked, id=105, stack(0x00007fdf5d900000,0x00007fdf5da00000)]
  0x00007fdfb03643a0 JavaThread "pool-3-thread-1" [_thread_blocked, id=106, stack(0x00007fdf5d700000,0x00007fdf5d800000)]
  0x00007fdf38000ff0 JavaThread "Worker-2: Java indexing... " [_thread_blocked, id=107, stack(0x00007fdf5d500000,0x00007fdf5d600000)]
  0x00007fdfb03f6700 JavaThread "pool-2-thread-1" [_thread_blocked, id=114, stack(0x00007fdf94600000,0x00007fdf94700000)]
  0x00007fdf2c0232c0 JavaThread "Java indexing" daemon [_thread_blocked, id=474, stack(0x00007fdf94200000,0x00007fdf94300000)]
  0x00007fdf28001130 JavaThread "Worker-6" [_thread_blocked, id=480, stack(0x00007fdf5d100000,0x00007fdf5d200000)]
  0x00007fdf3c213090 JavaThread "Thread-16" [_thread_blocked, id=507, stack(0x00007fdf5d400000,0x00007fdf5d500000)]
  0x00007fdf3c209000 JavaThread "Thread-19" [_thread_blocked, id=591, stack(0x00007fdf5cd00000,0x00007fdf5ce00000)]
  0x00007fdf3c215210 JavaThread "Thread-23" [_thread_blocked, id=607, stack(0x00007fdf5db00000,0x00007fdf5dc00000)]
  0x00007fdf54002ab0 JavaThread "Worker-8" [_thread_blocked, id=1073, stack(0x00007fdf95e00000,0x00007fdf95f00000)]
  0x00007fdf3c209760 JavaThread "Thread-25" [_thread_blocked, id=1759, stack(0x00007fdf5cf00000,0x00007fdf5d000000)]
  0x00007fdf3c20a260 JavaThread "Thread-27" [_thread_blocked, id=2090, stack(0x00007fdf95c00000,0x00007fdf95d00000)]
  0x00007fdf3c209ce0 JavaThread "Thread-28" [_thread_blocked, id=2560, stack(0x00007fdf5d300000,0x00007fdf5d400000)]

Other Threads:
  0x00007fdfb00a16f0 VMThread "VM Thread" [stack: 0x00007fdfb4562000,0x00007fdfb4662000] [id=51] _threads_hazard_ptr=0x00007fdf3c197780
  0x00007fdfb0129750 WatcherThread [stack: 0x00007fdf96100000,0x00007fdf96200000] [id=67]
  0x00007fdfb003d910 GCTaskThread "GC Thread#0" [stack: 0x00007fdfb600c000,0x00007fdfb610c000] [id=48]

Threads with active compile tasks:
JVMCI-native CompilerThread0  1314826 7007       4       org.eclipse.jdt.internal.compiler.util.CharDelegateMap::put (44 bytes)

VM state: synchronizing (normal execution)

VM Mutex/Monitor currently owned by a thread:  ([mutex/lock_event])
[0x00007fdfb0023160] Threads_lock - owner thread: 0x00007fdfb00a16f0
[0x00007fdfb0023910] Heap_lock - owner thread: 0x00007fdf2c0232c0

OutOfMemory and StackOverflow Exception counts:
OutOfMemoryError java_heap_errors=3
LinkageErrors=42

Heap address: 0x00000000e0000000, size: 512 MB, Compressed Oops mode: 32-bit

CDS archive(s) mapped at: [0x0000000800000000-0x0000000800bc8000-0x0000000800bc8000), size 12353536, SharedBaseAddress: 0x0000000800000000, ArchiveRelocationMode: 0.
Compressed class space mapped at: 0x0000000800c00000-0x0000000840c00000, reserved size: 1073741824
Narrow klass base: 0x0000000800000000, Narrow klass shift: 0, Narrow klass range: 0x100000000

GC Precious Log:
 CPUs: 8 total, 1 available
 Memory: 1024M
 Large Page Support: Disabled
 NUMA Support: Disabled
 Compressed Oops: Enabled (32-bit)
 Alignments: Space 512K, Generation 512K, Heap 2M
 Heap Min Capacity: 100M
 Heap Initial Capacity: 100M
 Heap Max Capacity: 512M
 Pre-touch: Disabled
 Parallel Workers: 1

Heap:
 PSYoungGen      total 14848K, used 9727K [0x00000000f5580000, 0x00000000f6a80000, 0x0000000100000000)
  eden space 9728K, 99% used [0x00000000f5580000,0x00000000f5effff0,0x00000000f5f00000)
  from space 5120K, 0% used [0x00000000f6580000,0x00000000f6580000,0x00000000f6a80000)
  to   space 5632K, 0% used [0x00000000f5f00000,0x00000000f5f00000,0x00000000f6480000)
 ParOldGen       total 349696K, used 349695K [0x00000000e0000000, 0x00000000f5580000, 0x00000000f5580000)
  object space 349696K, 99% used [0x00000000e0000000,0x00000000f557ff70,0x00000000f5580000)
 Metaspace       used 54980K, committed 55744K, reserved 1105920K
  class space    used 5524K, committed 5824K, reserved 1048576K

Card table byte_map: [0x00007fdfb610c000,0x00007fdfb620d000] _byte_map_base: 0x00007fdfb5a0c000

Marking Bits: (ParMarkBitMap*) 0x00007fdfb785c4c0
 Begin Bits: [0x00007fdfb4f5f000, 0x00007fdfb575f000)
 End Bits:   [0x00007fdfb575f000, 0x00007fdfb5f5f000)

Polling page: 0x00007fdfb6426000

Metaspace:

Usage:
  Non-class:     48.30 MB used.
      Class:      5.39 MB used.
       Both:     53.69 MB used.

Virtual space:
  Non-class space:       56.00 MB reserved,      48.75 MB ( 87%) committed,  7 nodes.
      Class space:        1.00 GB reserved,       5.69 MB ( <1%) committed,  1 nodes.
             Both:        1.05 GB reserved,      54.44 MB (  5%) committed. 

Chunk freelists:
   Non-Class:  2.95 MB
       Class:  2.27 MB
        Both:  5.22 MB

MaxMetaspaceSize: unlimited
CompressedClassSpaceSize: 1.00 GB
Initial GC threshold: 21.00 MB
Current GC threshold: 90.75 MB
CDS: on
MetaspaceReclaimPolicy: balanced
 - commit_granule_bytes: 65536.
 - commit_granule_words: 8192.
 - virtual_space_node_default_size: 1048576.
 - enlarge_chunks_in_place: 1.
 - new_chunks_are_fully_committed: 0.
 - uncommit_free_chunks: 1.
 - use_allocation_guard: 0.
 - handle_deallocations: 1.


Internal statistics:

num_allocs_failed_limit: 6.
num_arena_births: 366.
num_arena_deaths: 78.
num_vsnodes_births: 8.
num_vsnodes_deaths: 0.
num_space_committed: 870.
num_space_uncommitted: 0.
num_chunks_returned_to_freelist: 101.
num_chunks_taken_from_freelist: 2514.
num_chunk_merges: 39.
num_chunk_splits: 1618.
num_chunks_enlarged: 1003.
num_purges: 12.
num_inconsistent_stats: 0.

CodeHeap 'non-profiled nmethods': size=120036Kb used=2414Kb max_used=2414Kb free=117622Kb
 bounds [0x00007fdf9ef7a000, 0x00007fdf9f1ea000, 0x00007fdfa64b3000]
CodeHeap 'profiled nmethods': size=120032Kb used=11392Kb max_used=11698Kb free=108640Kb
 bounds [0x00007fdf97a42000, 0x00007fdf986a2000, 0x00007fdf9ef7a000]
CodeHeap 'non-nmethods': size=5692Kb used=1402Kb max_used=1407Kb free=4289Kb
 bounds [0x00007fdf974b3000, 0x00007fdf97723000, 0x00007fdf97a42000]
 total_blobs=5931 nmethods=5192 adapters=620
 compilation: enabled
              stopped_count=0, restarted_count=0
 full_count=0

JVMCI Events (20 events):
Event: 1012.972 Thread 0x00007fdfb00b1d00 compacted oop handles in JVMCI runtime 0 from 66 to 66
Event: 1012.972 Thread 0x00007fdfb00b1d00 releasing handles for JVMCI runtime 0: oop handles=66, metadata handles={total=96, live=91, blocks=36}
Event: 1012.972 Thread 0x00007fdfb00b1d00 detached from JVMCI runtime 0
Event: 1014.757 Thread 0x00007fdfb00b1d00 attached to JVMCI runtime 0
Event: 1014.760 Thread 0x00007fdfb00b1d00 created JavaVM[9]@0x00007fdf5c79e340 for JVMCI runtime 0
Event: 1016.532 Thread 0x00007fdfb00b1d00 initializing JVMCI runtime 0
Event: 1016.532 Thread 0x00007fdfb00b1d00 done waiting for JavaVM references initialization in JVMCI runtime 0
Event: 1184.744 Thread 0x00007fdfb00b1d00 initialized JVMCI runtime 0
Event: 1198.136 Thread 0x00007fdfb00b1d00 compacted oop handles in JVMCI runtime 0 from 52 to 50
Event: 1199.659 Thread 0x00007fdfb00b1d00 detaching from JVMCI runtime 0: releasing idle compiler thread (0 other threads still attached)
Event: 1199.659 Thread 0x00007fdfb00b1d00 shutting down HotSpotJVMCIRuntime for JVMCI runtime 0
Event: 1199.659 Thread 0x00007fdfb00b1d00 shut down JVMCI runtime 0
Event: 1201.346 Thread 0x00007fdfb00b1d00 destroyed JavaVM[9]@0x00007fdf5c79e340 for JVMCI runtime 0
Event: 1201.346 Thread 0x00007fdfb00b1d00 compacted oop handles in JVMCI runtime 0 from 50 to 50
Event: 1201.346 Thread 0x00007fdfb00b1d00 releasing handles for JVMCI runtime 0: oop handles=50, metadata handles={total=96, live=93, blocks=36}
Event: 1201.346 Thread 0x00007fdfb00b1d00 detached from JVMCI runtime 0
Event: 1268.474 Thread 0x00007fdfb00b1d00 attached to JVMCI runtime 0
Event: 1268.477 Thread 0x00007fdfb00b1d00 created JavaVM[10]@0x00007fdf5c79e340 for JVMCI runtime 0
Event: 1268.477 Thread 0x00007fdfb00b1d00 initializing JVMCI runtime 0
Event: 1268.477 Thread 0x00007fdfb00b1d00 done waiting for JavaVM references initialization in JVMCI runtime 0

Compilation events (20 events):
Event: 1092.969 Thread 0x00007fdfb00b3210 6998       1       java.io.ObjectStreamField::getName (5 bytes)
Event: 1094.546 Thread 0x00007fdfb00b3210 nmethod 6998 0x00007fdf9f1d4b90 code [0x00007fdf9f1d4d20, 0x00007fdf9f1d4df0]
Event: 1133.357 Thread 0x00007fdfb00b3210 6999       3       java.io.DataOutputStream::writeUTF (411 bytes)
Event: 1133.361 Thread 0x00007fdfb00b3210 nmethod 6999 0x00007fdf97e5e490 code [0x00007fdf97e5e820, 0x00007fdf97e60bc0]
Event: 1155.476 Thread 0x00007fdfb00b3210 7001   !   3       org.eclipse.jdt.internal.compiler.parser.Scanner::getNextToken0 (3102 bytes)
Event: 1176.075 Thread 0x00007fdfb00b3210 nmethod 7001 0x00007fdf98355c10 code [0x00007fdf983568c0, 0x00007fdf98360860]
Event: 1176.075 Thread 0x00007fdfb00b3210 7005       3       org.eclipse.jdt.internal.core.AbstractClassFile::equals (46 bytes)
Event: 1179.574 Thread 0x00007fdfb00b3210 nmethod 7005 0x00007fdf98275610 code [0x00007fdf98275800, 0x00007fdf98276530]
Event: 1179.574 Thread 0x00007fdfb00b3210 7002       3       org.eclipse.jdt.internal.codeassist.impl.AssistParser::isInsideMethod (56 bytes)
Event: 1179.574 Thread 0x00007fdfb00b3210 nmethod 7002 0x00007fdf98355510 code [0x00007fdf983556e0, 0x00007fdf98355a10]
Event: 1179.574 Thread 0x00007fdfb00b3210 7003       2       org.eclipse.jdt.internal.compiler.parser.Parser::tAction (35 bytes)
Event: 1179.574 Thread 0x00007fdfb00b3210 nmethod 7003 0x00007fdf98275110 code [0x00007fdf982752c0, 0x00007fdf98275450]
Event: 1179.574 Thread 0x00007fdfb00b3210 7004       3       java.util.stream.ReferencePipeline::makeNodeBuilder (6 bytes)
Event: 1179.575 Thread 0x00007fdfb00b3210 nmethod 7004 0x00007fdf98274d90 code [0x00007fdf98274f40, 0x00007fdf98275080]
Event: 1184.748 Thread 0x00007fdfb00b3210 7006       3       com.google.gson.stream.JsonReader::doPeek (744 bytes)
Event: 1186.352 Thread 0x00007fdfb00b3210 nmethod 7006 0x00007fdf98328890 code [0x00007fdf98329460, 0x00007fdf983303a0]
Event: 1186.356 Thread 0x00007fdfb00b1d00 nmethod 6994 0x00007fdf9f1d4e90 code [0x00007fdf9f1d5000, 0x00007fdf9f1d5068]
Event: 1186.356 Thread 0x00007fdfb00b1d00 7000  s    4       java.io.BufferedInputStream::read (49 bytes)
Event: 1198.136 Thread 0x00007fdfb00b1d00 nmethod 7000 0x00007fdf9f1d5190 code [0x00007fdf9f1d5320, 0x00007fdf9f1d5690]
Event: 1268.474 Thread 0x00007fdfb00b1d00 7007       4       org.eclipse.jdt.internal.compiler.util.CharDelegateMap::put (44 bytes)

GC Heap History (20 events):
Event: 1295.962 GC heap before
{Heap before GC invocations=756 (full 636):
 PSYoungGen      total 14848K, used 9727K [0x00000000f5580000, 0x00000000f6a80000, 0x0000000100000000)
  eden space 9728K, 99% used [0x00000000f5580000,0x00000000f5effff8,0x00000000f5f00000)
  from space 5120K, 0% used [0x00000000f6580000,0x00000000f6580000,0x00000000f6a80000)
  to   space 5632K, 0% used [0x00000000f5f00000,0x00000000f5f00000,0x00000000f6480000)
 ParOldGen       total 349696K, used 349693K [0x00000000e0000000, 0x00000000f5580000, 0x00000000f5580000)
  object space 349696K, 99% used [0x00000000e0000000,0x00000000f557f7f0,0x00000000f5580000)
 Metaspace       used 54980K, committed 55744K, reserved 1105920K
  class space    used 5524K, committed 5824K, reserved 1048576K
}
Event: 1297.862 GC heap after
{Heap after GC invocations=756 (full 636):
 PSYoungGen      total 15360K, used 9727K [0x00000000f5580000, 0x00000000f6a80000, 0x0000000100000000)
  eden space 9728K, 99% used [0x00000000f5580000,0x00000000f5efffd8,0x00000000f5f00000)
  from space 5632K, 0% used [0x00000000f5f00000,0x00000000f5f00000,0x00000000f6480000)
  to   space 5120K, 0% used [0x00000000f6580000,0x00000000f6580000,0x00000000f6a80000)
 ParOldGen       total 349696K, used 349693K [0x00000000e0000000, 0x00000000f5580000, 0x00000000f5580000)
  object space 349696K, 99% used [0x00000000e0000000,0x00000000f557f7f0,0x00000000f5580000)
 Metaspace       used 54980K, committed 55744K, reserved 1105920K
  class space    used 5524K, committed 5824K, reserved 1048576K
}
Event: 1297.864 GC heap before
{Heap before GC invocations=757 (full 637):
 PSYoungGen      total 15360K, used 9727K [0x00000000f5580000, 0x00000000f6a80000, 0x0000000100000000)
  eden space 9728K, 99% used [0x00000000f5580000,0x00000000f5effff8,0x00000000f5f00000)
  from space 5632K, 0% used [0x00000000f5f00000,0x00000000f5f00000,0x00000000f6480000)
  to   space 5120K, 0% used [0x00000000f6580000,0x00000000f6580000,0x00000000f6a80000)
 ParOldGen       total 349696K, used 349693K [0x00000000e0000000, 0x00000000f5580000, 0x00000000f5580000)
  object space 349696K, 99% used [0x00000000e0000000,0x00000000f557f7f0,0x00000000f5580000)
 Metaspace       used 54980K, committed 55744K, reserved 1105920K
  class space    used 5524K, committed 5824K, reserved 1048576K
}
Event: 1299.851 GC heap after
{Heap after GC invocations=757 (full 637):
 PSYoungGen      total 14848K, used 9727K [0x00000000f5580000, 0x00000000f6a80000, 0x0000000100000000)
  eden space 9728K, 99% used [0x00000000f5580000,0x00000000f5efffd8,0x00000000f5f00000)
  from space 5120K, 0% used [0x00000000f6580000,0x00000000f6580000,0x00000000f6a80000)
  to   space 5632K, 0% used [0x00000000f5f00000,0x00000000f5f00000,0x00000000f6480000)
 ParOldGen       total 349696K, used 349693K [0x00000000e0000000, 0x00000000f5580000, 0x00000000f5580000)
  object space 349696K, 99% used [0x00000000e0000000,0x00000000f557f7f0,0x00000000f5580000)
 Metaspace       used 54980K, committed 55744K, reserved 1105920K
  class space    used 5524K, committed 5824K, reserved 1048576K
}
Event: 1299.853 GC heap before
{Heap before GC invocations=758 (full 638):
 PSYoungGen      total 14848K, used 9727K [0x00000000f5580000, 0x00000000f6a80000, 0x0000000100000000)
  eden space 9728K, 99% used [0x00000000f5580000,0x00000000f5effff8,0x00000000f5f00000)
  from space 5120K, 0% used [0x00000000f6580000,0x00000000f6580000,0x00000000f6a80000)
  to   space 5632K, 0% used [0x00000000f5f00000,0x00000000f5f00000,0x00000000f6480000)
 ParOldGen       total 349696K, used 349693K [0x00000000e0000000, 0x00000000f5580000, 0x00000000f5580000)
  object space 349696K, 99% used [0x00000000e0000000,0x00000000f557f7f0,0x00000000f5580000)
 Metaspace       used 54980K, committed 55744K, reserved 1105920K
  class space    used 5524K, committed 5824K, reserved 1048576K
}
Event: 1301.777 GC heap after
{Heap after GC invocations=758 (full 638):
 PSYoungGen      total 15360K, used 9727K [0x00000000f5580000, 0x00000000f6a80000, 0x0000000100000000)
  eden space 9728K, 99% used [0x00000000f5580000,0x00000000f5efffd8,0x00000000f5f00000)
  from space 5632K, 0% used [0x00000000f5f00000,0x00000000f5f00000,0x00000000f6480000)
  to   space 5120K, 0% used [0x00000000f6580000,0x00000000f6580000,0x00000000f6a80000)
 ParOldGen       total 349696K, used 349693K [0x00000000e0000000, 0x00000000f5580000, 0x00000000f5580000)
  object space 349696K, 99% used [0x00000000e0000000,0x00000000f557f7f0,0x00000000f5580000)
 Metaspace       used 54980K, committed 55744K, reserved 1105920K
  class space    used 5524K, committed 5824K, reserved 1048576K
}
Event: 1301.778 GC heap before
{Heap before GC invocations=759 (full 639):
 PSYoungGen      total 15360K, used 9728K [0x00000000f5580000, 0x00000000f6a80000, 0x0000000100000000)
  eden space 9728K, 100% used [0x00000000f5580000,0x00000000f5f00000,0x00000000f5f00000)
  from space 5632K, 0% used [0x00000000f5f00000,0x00000000f5f00000,0x00000000f6480000)
  to   space 5120K, 0% used [0x00000000f6580000,0x00000000f6580000,0x00000000f6a80000)
 ParOldGen       total 349696K, used 349693K [0x00000000e0000000, 0x00000000f5580000, 0x00000000f5580000)
  object space 349696K, 99% used [0x00000000e0000000,0x00000000f557f7f0,0x00000000f5580000)
 Metaspace       used 54980K, committed 55744K, reserved 1105920K
  class space    used 5524K, committed 5824K, reserved 1048576K
}
Event: 1303.728 GC heap after
{Heap after GC invocations=759 (full 639):
 PSYoungGen      total 14848K, used 9727K [0x00000000f5580000, 0x00000000f6a80000, 0x0000000100000000)
  eden space 9728K, 99% used [0x00000000f5580000,0x00000000f5effff0,0x00000000f5f00000)
  from space 5120K, 0% used [0x00000000f6580000,0x00000000f6580000,0x00000000f6a80000)
  to   space 5632K, 0% used [0x00000000f5f00000,0x00000000f5f00000,0x00000000f6480000)
 ParOldGen       total 349696K, used 349693K [0x00000000e0000000, 0x00000000f5580000, 0x00000000f5580000)
  object space 349696K, 99% used [0x00000000e0000000,0x00000000f557f7f0,0x00000000f5580000)
 Metaspace       used 54980K, committed 55744K, reserved 1105920K
  class space    used 5524K, committed 5824K, reserved 1048576K
}
Event: 1303.739 GC heap before
{Heap before GC invocations=760 (full 640):
 PSYoungGen      total 14848K, used 9728K [0x00000000f5580000, 0x00000000f6a80000, 0x0000000100000000)
  eden space 9728K, 100% used [0x00000000f5580000,0x00000000f5f00000,0x00000000f5f00000)
  from space 5120K, 0% used [0x00000000f6580000,0x00000000f6580000,0x00000000f6a80000)
  to   space 5632K, 0% used [0x00000000f5f00000,0x00000000f5f00000,0x00000000f6480000)
 ParOldGen       total 349696K, used 349693K [0x00000000e0000000, 0x00000000f5580000, 0x00000000f5580000)
  object space 349696K, 99% used [0x00000000e0000000,0x00000000f557f7f0,0x00000000f5580000)
 Metaspace       used 54980K, committed 55744K, reserved 1105920K
  class space    used 5524K, committed 5824K, reserved 1048576K
}
Event: 1305.627 GC heap after
{Heap after GC invocations=760 (full 640):
 PSYoungGen      total 15360K, used 9727K [0x00000000f5580000, 0x00000000f6a80000, 0x0000000100000000)
  eden space 9728K, 99% used [0x00000000f5580000,0x00000000f5effff0,0x00000000f5f00000)
  from space 5632K, 0% used [0x00000000f5f00000,0x00000000f5f00000,0x00000000f6480000)
  to   space 5120K, 0% used [0x00000000f6580000,0x00000000f6580000,0x00000000f6a80000)
 ParOldGen       total 349696K, used 349693K [0x00000000e0000000, 0x00000000f5580000, 0x00000000f5580000)
  object space 349696K, 99% used [0x00000000e0000000,0x00000000f557f7f0,0x00000000f5580000)
 Metaspace       used 54980K, committed 55744K, reserved 1105920K
  class space    used 5524K, committed 5824K, reserved 1048576K
}
Event: 1305.628 GC heap before
{Heap before GC invocations=761 (full 641):
 PSYoungGen      total 15360K, used 9728K [0x00000000f5580000, 0x00000000f6a80000, 0x0000000100000000)
  eden space 9728K, 100% used [0x00000000f5580000,0x00000000f5f00000,0x00000000f5f00000)
  from space 5632K, 0% used [0x00000000f5f00000,0x00000000f5f00000,0x00000000f6480000)
  to   space 5120K, 0% used [0x00000000f6580000,0x00000000f6580000,0x00000000f6a80000)
 ParOldGen       total 349696K, used 349693K [0x00000000e0000000, 0x00000000f5580000, 0x00000000f5580000)
  object space 349696K, 99% used [0x00000000e0000000,0x00000000f557f7f0,0x00000000f5580000)
 Metaspace       used 54980K, committed 55744K, reserved 1105920K
  class space    used 5524K, committed 5824K, reserved 1048576K
}
Event: 1307.357 GC heap after
{Heap after GC invocations=761 (full 641):
 PSYoungGen      total 14848K, used 9727K [0x00000000f5580000, 0x00000000f6a80000, 0x0000000100000000)
  eden space 9728K, 99% used [0x00000000f5580000,0x00000000f5effff0,0x00000000f5f00000)
  from space 5120K, 0% used [0x00000000f6580000,0x00000000f6580000,0x00000000f6a80000)
  to   space 5632K, 0% used [0x00000000f5f00000,0x00000000f5f00000,0x00000000f6480000)
 ParOldGen       total 349696K, used 349693K [0x00000000e0000000, 0x00000000f5580000, 0x00000000f5580000)
  object space 349696K, 99% used [0x00000000e0000000,0x00000000f557f7f0,0x00000000f5580000)
 Metaspace       used 54980K, committed 55744K, reserved 1105920K
  class space    used 5524K, committed 5824K, reserved 1048576K
}
Event: 1307.364 GC heap before
{Heap before GC invocations=762 (full 642):
 PSYoungGen      total 14848K, used 9728K [0x00000000f5580000, 0x00000000f6a80000, 0x0000000100000000)
  eden space 9728K, 100% used [0x00000000f5580000,0x00000000f5f00000,0x00000000f5f00000)
  from space 5120K, 0% used [0x00000000f6580000,0x00000000f6580000,0x00000000f6a80000)
  to   space 5632K, 0% used [0x00000000f5f00000,0x00000000f5f00000,0x00000000f6480000)
 ParOldGen       total 349696K, used 349693K [0x00000000e0000000, 0x00000000f5580000, 0x00000000f5580000)
  object space 349696K, 99% used [0x00000000e0000000,0x00000000f557f7f0,0x00000000f5580000)
 Metaspace       used 54980K, committed 55744K, reserved 1105920K
  class space    used 5524K, committed 5824K, reserved 1048576K
}
Event: 1309.155 GC heap after
{Heap after GC invocations=762 (full 642):
 PSYoungGen      total 15360K, used 9727K [0x00000000f5580000, 0x00000000f6a80000, 0x0000000100000000)
  eden space 9728K, 99% used [0x00000000f5580000,0x00000000f5effff0,0x00000000f5f00000)
  from space 5632K, 0% used [0x00000000f5f00000,0x00000000f5f00000,0x00000000f6480000)
  to   space 5120K, 0% used [0x00000000f6580000,0x00000000f6580000,0x00000000f6a80000)
 ParOldGen       total 349696K, used 349693K [0x00000000e0000000, 0x00000000f5580000, 0x00000000f5580000)
  object space 349696K, 99% used [0x00000000e0000000,0x00000000f557f7f0,0x00000000f5580000)
 Metaspace       used 54980K, committed 55744K, reserved 1105920K
  class space    used 5524K, committed 5824K, reserved 1048576K
}
Event: 1309.156 GC heap before
{Heap before GC invocations=763 (full 643):
 PSYoungGen      total 15360K, used 9728K [0x00000000f5580000, 0x00000000f6a80000, 0x0000000100000000)
  eden space 9728K, 100% used [0x00000000f5580000,0x00000000f5f00000,0x00000000f5f00000)
  from space 5632K, 0% used [0x00000000f5f00000,0x00000000f5f00000,0x00000000f6480000)
  to   space 5120K, 0% used [0x00000000f6580000,0x00000000f6580000,0x00000000f6a80000)
 ParOldGen       total 349696K, used 349693K [0x00000000e0000000, 0x00000000f5580000, 0x00000000f5580000)
  object space 349696K, 99% used [0x00000000e0000000,0x00000000f557f7f0,0x00000000f5580000)
 Metaspace       used 54980K, committed 55744K, reserved 1105920K
  class space    used 5524K, committed 5824K, reserved 1048576K
}
Event: 1310.955 GC heap after
{Heap after GC invocations=763 (full 643):
 PSYoungGen      total 14848K, used 9727K [0x00000000f5580000, 0x00000000f6a80000, 0x0000000100000000)
  eden space 9728K, 99% used [0x00000000f5580000,0x00000000f5effff0,0x00000000f5f00000)
  from space 5120K, 0% used [0x00000000f6580000,0x00000000f6580000,0x00000000f6a80000)
  to   space 5632K, 0% used [0x00000000f5f00000,0x00000000f5f00000,0x00000000f6480000)
 ParOldGen       total 349696K, used 349693K [0x00000000e0000000, 0x00000000f5580000, 0x00000000f5580000)
  object space 349696K, 99% used [0x00000000e0000000,0x00000000f557f7d0,0x00000000f5580000)
 Metaspace       used 54980K, committed 55744K, reserved 1105920K
  class space    used 5524K, committed 5824K, reserved 1048576K
}
Event: 1310.962 GC heap before
{Heap before GC invocations=764 (full 644):
 PSYoungGen      total 14848K, used 9728K [0x00000000f5580000, 0x00000000f6a80000, 0x0000000100000000)
  eden space 9728K, 100% used [0x00000000f5580000,0x00000000f5f00000,0x00000000f5f00000)
  from space 5120K, 0% used [0x00000000f6580000,0x00000000f6580000,0x00000000f6a80000)
  to   space 5632K, 0% used [0x00000000f5f00000,0x00000000f5f00000,0x00000000f6480000)
 ParOldGen       total 349696K, used 349693K [0x00000000e0000000, 0x00000000f5580000, 0x00000000f5580000)
  object space 349696K, 99% used [0x00000000e0000000,0x00000000f557f7d0,0x00000000f5580000)
 Metaspace       used 54980K, committed 55744K, reserved 1105920K
  class space    used 5524K, committed 5824K, reserved 1048576K
}
Event: 1312.853 GC heap after
{Heap after GC invocations=764 (full 644):
 PSYoungGen      total 15360K, used 9727K [0x00000000f5580000, 0x00000000f6a80000, 0x0000000100000000)
  eden space 9728K, 99% used [0x00000000f5580000,0x00000000f5effff0,0x00000000f5f00000)
  from space 5632K, 0% used [0x00000000f5f00000,0x00000000f5f00000,0x00000000f6480000)
  to   space 5120K, 0% used [0x00000000f6580000,0x00000000f6580000,0x00000000f6a80000)
 ParOldGen       total 349696K, used 349693K [0x00000000e0000000, 0x00000000f5580000, 0x00000000f5580000)
  object space 349696K, 99% used [0x00000000e0000000,0x00000000f557f7d0,0x00000000f5580000)
 Metaspace       used 54980K, committed 55744K, reserved 1105920K
  class space    used 5524K, committed 5824K, reserved 1048576K
}
Event: 1312.854 GC heap before
{Heap before GC invocations=765 (full 645):
 PSYoungGen      total 15360K, used 9727K [0x00000000f5580000, 0x00000000f6a80000, 0x0000000100000000)
  eden space 9728K, 99% used [0x00000000f5580000,0x00000000f5effff0,0x00000000f5f00000)
  from space 5632K, 0% used [0x00000000f5f00000,0x00000000f5f00000,0x00000000f6480000)
  to   space 5120K, 0% used [0x00000000f6580000,0x00000000f6580000,0x00000000f6a80000)
 ParOldGen       total 349696K, used 349693K [0x00000000e0000000, 0x00000000f5580000, 0x00000000f5580000)
  object space 349696K, 99% used [0x00000000e0000000,0x00000000f557f7d0,0x00000000f5580000)
 Metaspace       used 54980K, committed 55744K, reserved 1105920K
  class space    used 5524K, committed 5824K, reserved 1048576K
}
Event: 1314.667 GC heap after
{Heap after GC invocations=765 (full 645):
 PSYoungGen      total 14848K, used 9727K [0x00000000f5580000, 0x00000000f6a80000, 0x0000000100000000)
  eden space 9728K, 99% used [0x00000000f5580000,0x00000000f5effff0,0x00000000f5f00000)
  from space 5120K, 0% used [0x00000000f6580000,0x00000000f6580000,0x00000000f6a80000)
  to   space 5632K, 0% used [0x00000000f5f00000,0x00000000f5f00000,0x00000000f6480000)
 ParOldGen       total 349696K, used 349693K [0x00000000e0000000, 0x00000000f5580000, 0x00000000f5580000)
  object space 349696K, 99% used [0x00000000e0000000,0x00000000f557f7d0,0x00000000f5580000)
 Metaspace       used 54980K, committed 55744K, reserved 1105920K
  class space    used 5524K, committed 5824K, reserved 1048576K
}

Dll operation events (9 events):
Event: 0.025 Loaded shared library /nix/store/gpxl5qgg8kicmcvivwmybwjlpf7wh20l-graalvm17-ce-22.3.0/lib/libjava.so
Event: 0.091 Loaded shared library /nix/store/gpxl5qgg8kicmcvivwmybwjlpf7wh20l-graalvm17-ce-22.3.0/lib/libjsvml.so
Event: 0.377 Loaded shared library /nix/store/gpxl5qgg8kicmcvivwmybwjlpf7wh20l-graalvm17-ce-22.3.0/lib/libnio.so
Event: 0.435 Loaded shared library /nix/store/gpxl5qgg8kicmcvivwmybwjlpf7wh20l-graalvm17-ce-22.3.0/lib/libjvmcicompiler.so
Event: 0.442 Loaded shared library /nix/store/gpxl5qgg8kicmcvivwmybwjlpf7wh20l-graalvm17-ce-22.3.0/lib/libzip.so
Event: 1.032 Loaded shared library /nix/store/gpxl5qgg8kicmcvivwmybwjlpf7wh20l-graalvm17-ce-22.3.0/lib/libjimage.so
Event: 3.369 Loaded shared library /nix/store/gpxl5qgg8kicmcvivwmybwjlpf7wh20l-graalvm17-ce-22.3.0/lib/libnet.so
Event: 5.143 Loaded shared library /home/runner/Practica-Estructural-en-Java/.cache/jdt-language-server/config/org.eclipse.equinox.launcher/org.eclipse.equinox.launcher.gtk.linux.x86_64_1.2.400.v20211117-0650/eclipse_11600.so
Event: 16.431 Loaded shared library /nix/store/gpxl5qgg8kicmcvivwmybwjlpf7wh20l-graalvm17-ce-22.3.0/lib/libextnet.so

Deoptimization events (20 events):
Event: 237.941 Thread 0x00007fdf2c0232c0 DEOPT PACKING pc=0x00007fdf97a42604 sp=0x00007fdf942fe360
Event: 237.941 Thread 0x00007fdf2c0232c0 DEOPT UNPACKING pc=0x00007fdf97505325 sp=0x00007fdf942fd818 mode 0
Event: 238.026 Thread 0x00007fdf2c0232c0 DEOPT PACKING pc=0x00007fdf97a42604 sp=0x00007fdf942fe050
Event: 238.026 Thread 0x00007fdf2c0232c0 DEOPT UNPACKING pc=0x00007fdf97505325 sp=0x00007fdf942fd508 mode 0
Event: 238.031 Thread 0x00007fdf2c0232c0 DEOPT PACKING pc=0x00007fdf982d1aae sp=0x00007fdf942fe4a0
Event: 238.031 Thread 0x00007fdf2c0232c0 DEOPT UNPACKING pc=0x00007fdf97505325 sp=0x00007fdf942fda18 mode 0
Event: 238.133 Thread 0x00007fdf2c0232c0 Uncommon trap: trap_request=0xffffffed fr.pc=0x00007fdf9f17be68 relative=0x0000000000001d88
Event: 238.133 Thread 0x00007fdf2c0232c0 Uncommon trap: reason=null_assert_or_unreached0 action=reinterpret pc=0x00007fdf9f17be68 method=org.eclipse.jdt.internal.core.index.DiskIndex.writeAllDocumentNames([Ljava/lang/String;Ljava/io/FileOutputStream;)V @ 492 jvmci
Event: 238.133 Thread 0x00007fdf2c0232c0 DEOPT PACKING pc=0x00007fdf9f17be68 sp=0x00007fdf942fe500
Event: 238.133 Thread 0x00007fdf2c0232c0 DEOPT UNPACKING pc=0x00007fdf97505325 sp=0x00007fdf942fda28 mode 3
Event: 851.028 Thread 0x00007fdf3c209760 Uncommon trap: trap_request=0xffffffcd fr.pc=0x00007fdf9f0f8c7f relative=0x0000000000000d1f
Event: 851.028 Thread 0x00007fdf3c209760 Uncommon trap: reason=intrinsic_or_type_checked_inlining action=reinterpret pc=0x00007fdf9f0f8c7f method=org.eclipse.jdt.internal.compiler.parser.Scanner.getNextToken0()I @ 2842 jvmci
Event: 852.749 Thread 0x00007fdf3c209760 DEOPT PACKING pc=0x00007fdf9f0f8c7f sp=0x00007fdf5cffddc0
Event: 852.749 Thread 0x00007fdf3c209760 DEOPT UNPACKING pc=0x00007fdf97505325 sp=0x00007fdf5cffd210 mode 3
Event: 1033.270 Thread 0x00007fdfb03f6700 Uncommon trap: trap_request=0xffffffed fr.pc=0x00007fdf9f1d2645 relative=0x0000000000000c25
Event: 1033.270 Thread 0x00007fdfb03f6700 Uncommon trap: reason=null_assert_or_unreached0 action=reinterpret pc=0x00007fdf9f1d2645 method=com.google.gson.stream.JsonReader.doPeek()I @ 687 jvmci
Event: 1033.270 Thread 0x00007fdfb03f6700 DEOPT PACKING pc=0x00007fdf9f1d2645 sp=0x00007fdf946fdf00
Event: 1033.270 Thread 0x00007fdfb03f6700 DEOPT UNPACKING pc=0x00007fdf97505325 sp=0x00007fdf946fd3c8 mode 3
Event: 1133.357 Thread 0x00007fdfb00b1d00 DEOPT PACKING pc=0x00007fdf984a920c sp=0x00007fdf968fdef0
Event: 1133.357 Thread 0x00007fdfb00b1d00 DEOPT UNPACKING pc=0x00007fdf97505325 sp=0x00007fdf968fd458 mode 0

Classes unloaded (20 events):
Event: 155.350 Thread 0x00007fdfb00a16f0 Unloading class 0x0000000800edc400 'jdk/internal/reflect/GeneratedConstructorAccessor9'
Event: 155.350 Thread 0x00007fdfb00a16f0 Unloading class 0x0000000800edc000 'jdk/internal/reflect/GeneratedConstructorAccessor8'
Event: 158.052 Thread 0x00007fdfb00a16f0 Unloading class 0x0000000801043400 'java/lang/invoke/LambdaForm$MH+0x0000000801043400'
Event: 158.052 Thread 0x00007fdfb00a16f0 Unloading class 0x0000000801043000 'java/lang/invoke/LambdaForm$MH+0x0000000801043000'
Event: 158.052 Thread 0x00007fdfb00a16f0 Unloading class 0x0000000801041400 'java/lang/invoke/LambdaForm$MH+0x0000000801041400'
Event: 158.052 Thread 0x00007fdfb00a16f0 Unloading class 0x0000000801041000 'java/lang/invoke/LambdaForm$MH+0x0000000801041000'
Event: 158.052 Thread 0x00007fdfb00a16f0 Unloading class 0x0000000801040c00 'java/lang/invoke/LambdaForm$MH+0x0000000801040c00'
Event: 158.052 Thread 0x00007fdfb00a16f0 Unloading class 0x0000000801040800 'java/lang/invoke/LambdaForm$MH+0x0000000801040800'
Event: 158.052 Thread 0x00007fdfb00a16f0 Unloading class 0x0000000800d88400 'java/lang/invoke/LambdaForm$MH+0x0000000800d88400'
Event: 158.052 Thread 0x00007fdfb00a16f0 Unloading class 0x0000000800cb0000 'java/lang/invoke/LambdaForm$MH+0x0000000800cb0000'
Event: 165.462 Thread 0x00007fdfb00a16f0 Unloading class 0x0000000801088800 'jdk/internal/reflect/GeneratedSerializationConstructorAccessor4'
Event: 165.462 Thread 0x00007fdfb00a16f0 Unloading class 0x0000000801088400 'jdk/internal/reflect/GeneratedSerializationConstructorAccessor3'
Event: 165.462 Thread 0x00007fdfb00a16f0 Unloading class 0x0000000801082400 'jdk/internal/reflect/GeneratedSerializationConstructorAccessor2'
Event: 165.462 Thread 0x00007fdfb00a16f0 Unloading class 0x0000000801082000 'jdk/internal/reflect/GeneratedSerializationConstructorAccessor1'
Event: 248.227 Thread 0x00007fdfb00a16f0 Unloading class 0x0000000801149400 'java/lang/invoke/LambdaForm$MH+0x0000000801149400'
Event: 248.227 Thread 0x00007fdfb00a16f0 Unloading class 0x0000000801149000 'java/lang/invoke/LambdaForm$MH+0x0000000801149000'
Event: 248.227 Thread 0x00007fdfb00a16f0 Unloading class 0x0000000801148c00 'java/lang/invoke/LambdaForm$MH+0x0000000801148c00'
Event: 248.227 Thread 0x00007fdfb00a16f0 Unloading class 0x0000000801148800 'java/lang/invoke/LambdaForm$MH+0x0000000801148800'
Event: 248.227 Thread 0x00007fdfb00a16f0 Unloading class 0x0000000801148400 'java/lang/invoke/LambdaForm$MH+0x0000000801148400'
Event: 248.227 Thread 0x00007fdfb00a16f0 Unloading class 0x0000000801148000 'java/lang/invoke/LambdaForm$MH+0x0000000801148000'

Classes redefined (0 events):
No events

Internal exceptions (20 events):
Event: 34.938 Thread 0x00007fdf380237f0 Exception <a 'java/io/FileNotFoundException'{0x00000000f6036800}> (0x00000000f6036800) 
thrown [src/hotspot/share/prims/jni.cpp, line 516]
Event: 34.939 Thread 0x00007fdf380237f0 Exception <a 'java/io/FileNotFoundException'{0x00000000f60a76b0}> (0x00000000f60a76b0) 
thrown [src/hotspot/share/prims/jni.cpp, line 516]
Event: 44.533 Thread 0x00007fdf445e3600 Implicit null exception at 0x00007fdf9f0fdf12 to 0x00007fdf9f101f05
Event: 171.751 Thread 0x00007fdfb03f6700 Implicit null exception at 0x00007fdf9f14318f to 0x00007fdf97504f68
Event: 186.167 Thread 0x00007fdf445e3600 Exception <a 'java/lang/OutOfMemoryError'{0x00000000e00d1218}> (0x00000000e00d1218) 
thrown [src/hotspot/share/gc/shared/memAllocator.cpp, line 138]
Event: 186.167 Thread 0x00007fdf445e3600 Implicit null exception at 0x00007fdf9f01ca55 to 0x00007fdf9f01cc3a
Event: 190.078 Thread 0x00007fdf445e3600 Exception <a 'java/lang/OutOfMemoryError'{0x00000000e00d06d8}> (0x00000000e00d06d8) 
thrown [src/hotspot/share/gc/shared/memAllocator.cpp, line 136]
Event: 192.462 Thread 0x00007fdf3c208a40 Implicit null exception at 0x00007fdf9f151f30 to 0x00007fdf9f151f99
Event: 193.239 Thread 0x00007fdfb03f6700 Exception <a 'java/io/FileNotFoundException'{0x00000000f60d0718}> (0x00000000f60d0718) 
thrown [src/hotspot/share/prims/jni.cpp, line 516]
Event: 193.827 Thread 0x00007fdf2c0232c0 Implicit null exception at 0x00007fdf9f0fa3e5 to 0x00007fdf9f0fbc46
Event: 193.847 Thread 0x00007fdf2c0232c0 Exception <a 'sun/nio/fs/UnixException'{0x00000000f610c6f0}> (0x00000000f610c6f0) 
thrown [src/hotspot/share/prims/jni.cpp, line 516]
Event: 193.954 Thread 0x00007fdfb03f6700 Exception <a 'java/lang/reflect/InvocationTargetException'{0x00000000f6603448}> (0x00000000f6603448) 
thrown [src/hotspot/share/runtime/reflection.cpp, line 1119]
Event: 194.048 Thread 0x00007fdfb03f6700 Exception <a 'java/lang/ClassNotFoundException'{0x00000000f6687b00}: sun/util/logging/resources/spi/loggingProvider> (0x00000000f6687b00) 
thrown [src/hotspot/share/classfile/systemDictionary.cpp, line 256]
Event: 194.951 Thread 0x00007fdf3c233480 Exception <a 'java/lang/NoSuchMethodError'{0x00000000f6d32d20}: 'java.lang.Object java.lang.invoke.DirectMethodHandle$Holder.invokeStatic(java.lang.Object, int, java.lang.Object, java.lang.Object, java.lang.Object, java.lang.Object)'> (0x00000000f6d32d20) 
thrown [src/hotspot/share/interpreter/linkResolver.cpp, line 758]
Event: 195.343 Thread 0x00007fdf3c233480 Exception <a 'java/lang/NoSuchMethodError'{0x00000000f6f3e7c0}: 'void java.lang.invoke.DirectMethodHandle$Holder.invokeSpecial(java.lang.Object, java.lang.Object, int)'> (0x00000000f6f3e7c0) 
thrown [src/hotspot/share/interpreter/linkResolver.cpp, line 758]
Event: 195.945 Thread 0x00007fdf3c233480 Exception <a 'java/lang/NoSuchMethodError'{0x00000000f72bd7b0}: 'int java.lang.invoke.DirectMethodHandle$Holder.invokeSpecialIFC(java.lang.Object, java.lang.Object, java.lang.Object, java.lang.Object)'> (0x00000000f72bd7b0) 
thrown [src/hotspot/share/interpreter/linkResolver.cpp, line 758]
Event: 201.660 Thread 0x00007fdf3c213090 Implicit null exception at 0x00007fdf9f187429 to 0x00007fdf9f18778b
Event: 202.255 Thread 0x00007fdf2c0232c0 Exception <a 'sun/nio/fs/UnixException'{0x00000000f652aef8}> (0x00000000f652aef8) 
thrown [src/hotspot/share/prims/jni.cpp, line 516]
Event: 202.332 Thread 0x00007fdf2c0232c0 Implicit null exception at 0x00007fdf9f1654c2 to 0x00007fdf97504f68
Event: 1314.667 Thread 0x00007fdfb00b1d00 Exception <a 'java/lang/OutOfMemoryError'{0x00000000e00d0930}> (0x00000000e00d0930) 
thrown [src/hotspot/share/gc/shared/memAllocator.cpp, line 136]

VM Operations (20 events):
Event: 1293.986 Executing VM operation: ParallelGCFailedAllocation
Event: 1295.955 Executing VM operation: ParallelGCFailedAllocation done
Event: 1295.956 Executing VM operation: ParallelGCFailedAllocation
Event: 1297.862 Executing VM operation: ParallelGCFailedAllocation done
Event: 1297.862 Executing VM operation: ParallelGCFailedAllocation
Event: 1299.851 Executing VM operation: ParallelGCFailedAllocation done
Event: 1299.851 Executing VM operation: ParallelGCFailedAllocation
Event: 1301.777 Executing VM operation: ParallelGCFailedAllocation done
Event: 1301.778 Executing VM operation: ParallelGCFailedAllocation
Event: 1303.728 Executing VM operation: ParallelGCFailedAllocation done
Event: 1303.728 Executing VM operation: ParallelGCFailedAllocation
Event: 1305.627 Executing VM operation: ParallelGCFailedAllocation done
Event: 1305.627 Executing VM operation: ParallelGCFailedAllocation
Event: 1307.357 Executing VM operation: ParallelGCFailedAllocation done
Event: 1307.358 Executing VM operation: ParallelGCFailedAllocation
Event: 1309.155 Executing VM operation: ParallelGCFailedAllocation done
Event: 1309.155 Executing VM operation: ParallelGCFailedAllocation
Event: 1310.955 Executing VM operation: ParallelGCFailedAllocation done
Event: 1310.962 Executing VM operation: ParallelGCFailedAllocation
Event: 1314.667 Executing VM operation: ParallelGCFailedAllocation done

Events (20 events):
Event: 234.126 Thread 0x00007fdf3c215210 Thread added: 0x00007fdf3c215210
Event: 234.126 Protecting memory [0x00007fdf5db00000,0x00007fdf5db04000] with protection modes 0
Event: 266.539 Thread 0x00007fdf2807f560 Thread exited: 0x00007fdf2807f560
Event: 376.654 Thread 0x00007fdf54002ab0 Thread added: 0x00007fdf54002ab0
Event: 376.655 Protecting memory [0x00007fdf95e00000,0x00007fdf95e04000] with protection modes 0
Event: 465.065 Thread 0x00007fdf3c209760 Thread added: 0x00007fdf3c209760
Event: 465.065 Protecting memory [0x00007fdf5cf00000,0x00007fdf5cf04000] with protection modes 0
Event: 562.956 Thread 0x00007fdf3c209760 Thread exited: 0x00007fdf3c209760
Event: 618.472 Thread 0x00007fdf3c209760 Thread added: 0x00007fdf3c209760
Event: 618.472 Protecting memory [0x00007fdf5cf00000,0x00007fdf5cf04000] with protection modes 0
Event: 732.929 Thread 0x00007fdf3c209ce0 Thread added: 0x00007fdf3c209ce0
Event: 732.929 Protecting memory [0x00007fdf5d300000,0x00007fdf5d304000] with protection modes 0
Event: 773.139 Thread 0x00007fdf3c20a260 Thread added: 0x00007fdf3c20a260
Event: 773.139 Protecting memory [0x00007fdf95c00000,0x00007fdf95c04000] with protection modes 0
Event: 839.367 Thread 0x00007fdf380267a0 Thread added: 0x00007fdf380267a0
Event: 839.367 Protecting memory [0x00007fdf95ffe000,0x00007fdf96002000] with protection modes 0
Event: 852.748 Thread 0x00007fdf380267a0 Thread exited: 0x00007fdf380267a0
Event: 861.935 Thread 0x00007fdf3c209ce0 Thread exited: 0x00007fdf3c209ce0
Event: 1003.627 Thread 0x00007fdf3c209ce0 Thread added: 0x00007fdf3c209ce0
Event: 1003.627 Protecting memory [0x00007fdf5d300000,0x00007fdf5d304000] with protection modes 0


Dynamic libraries:
e0000000-f1300000 rw-p 00000000 00:00 0 
f1300000-f6a80000 rw-p 00000000 00:00 0 
f6a80000-100000000 ---p 00000000 00:00 0 
800000000-800449000 rw-p 00001000 00:47d 707969865                       /nix/store/gpxl5qgg8kicmcvivwmybwjlpf7wh20l-graalvm17-ce-22.3.0/lib/server/classes.jsa
800449000-800bc8000 r--p 0044a000 00:47d 707969865                       /nix/store/gpxl5qgg8kicmcvivwmybwjlpf7wh20l-graalvm17-ce-22.3.0/lib/server/classes.jsa
800bc8000-800c00000 ---p 00000000 00:00 0 
800c00000-800c10000 rw-p 00000000 00:00 0 
800c10000-800c30000 rw-p 00000000 00:00 0 
800c30000-800cb0000 rw-p 00000000 00:00 0 
800cb0000-800cf0000 rw-p 00000000 00:00 0 
800cf0000-800db0000 rw-p 00000000 00:00 0 
800db0000-800df0000 rw-p 00000000 00:00 0 
800df0000-800f30000 rw-p 00000000 00:00 0 
800f30000-800fb0000 rw-p 00000000 00:00 0 
800fb0000-800ff0000 rw-p 00000000 00:00 0 
800ff0000-801000000 ---p 00000000 00:00 0 
801000000-8011c0000 rw-p 00000000 00:00 0 
8011c0000-840c00000 ---p 00000000 00:00 0 
558462264000-558462265000 r-xp 00000000 00:47d 672029940                 /nix/store/gpxl5qgg8kicmcvivwmybwjlpf7wh20l-graalvm17-ce-22.3.0/bin/.java-wrapped
558462266000-558462267000 r--p 00001000 00:47d 672029940                 /nix/store/gpxl5qgg8kicmcvivwmybwjlpf7wh20l-graalvm17-ce-22.3.0/bin/.java-wrapped
558462267000-558462268000 rw-p 00002000 00:47d 672029940                 /nix/store/gpxl5qgg8kicmcvivwmybwjlpf7wh20l-graalvm17-ce-22.3.0/bin/.java-wrapped
558462268000-558462269000 rw-p 00004000 00:47d 672029940                 /nix/store/gpxl5qgg8kicmcvivwmybwjlpf7wh20l-graalvm17-ce-22.3.0/bin/.java-wrapped
558462269000-55846226a000 rw-p 00005000 00:47d 672029940                 /nix/store/gpxl5qgg8kicmcvivwmybwjlpf7wh20l-graalvm17-ce-22.3.0/bin/.java-wrapped
558462388000-5584623d0000 rw-p 00000000 00:00 0                          [heap]
7fdefc000000-7fdefc021000 rw-p 00000000 00:00 0 
7fdefc021000-7fdf00000000 ---p 00000000 00:00 0 
7fdf00000000-7fdf00021000 rw-p 00000000 00:00 0 
7fdf00021000-7fdf04000000 ---p 00000000 00:00 0 
7fdf04000000-7fdf04021000 rw-p 00000000 00:00 0 
7fdf04021000-7fdf08000000 ---p 00000000 00:00 0 
7fdf09800000-7fdf09af0000 rw-p 00000000 00:00 0 
7fdf09af0000-7fdf09bb0000 rw-p 00000000 00:00 0 
7fdf09bb0000-7fdf09c00000 ---p 00000000 00:00 0 
7fdf09c00000-7fdf0a000000 rw-p 00000000 00:00 0 
7fdf0a4b3000-7fdf14000000 r--s 00000000 00:47d 707804677                 /nix/store/gpxl5qgg8kicmcvivwmybwjlpf7wh20l-graalvm17-ce-22.3.0/lib/modules
7fdf14000000-7fdf1403d000 rw-p 00000000 00:00 0 
7fdf1403d000-7fdf18000000 ---p 00000000 00:00 0 
7fdf18000000-7fdf1804e000 rw-p 00000000 00:00 0 
7fdf1804e000-7fdf1c000000 ---p 00000000 00:00 0 
7fdf1c000000-7fdf1c1de000 rw-p 00000000 00:00 0 
7fdf1c1de000-7fdf20000000 ---p 00000000 00:00 0 
7fdf20000000-7fdf20021000 rw-p 00000000 00:00 0 
7fdf20021000-7fdf24000000 ---p 00000000 00:00 0 
7fdf24000000-7fdf24021000 rw-p 00000000 00:00 0 
7fdf24021000-7fdf28000000 ---p 00000000 00:00 0 
7fdf28000000-7fdf28150000 rw-p 00000000 00:00 0 
7fdf28150000-7fdf2c000000 ---p 00000000 00:00 0 
7fdf2c000000-7fdf2c164000 rw-p 00000000 00:00 0 
7fdf2c164000-7fdf30000000 ---p 00000000 00:00 0 
7fdf30000000-7fdf30021000 rw-p 00000000 00:00 0 
7fdf30021000-7fdf34000000 ---p 00000000 00:00 0 
7fdf34000000-7fdf34336000 rw-p 00000000 00:00 0 
7fdf34336000-7fdf38000000 ---p 00000000 00:00 0 
7fdf38000000-7fdf38032000 rw-p 00000000 00:00 0 
7fdf38032000-7fdf3c000000 ---p 00000000 00:00 0 
7fdf3c000000-7fdf3c238000 rw-p 00000000 00:00 0 
7fdf3c238000-7fdf40000000 ---p 00000000 00:00 0 
7fdf40000000-7fdf40021000 rw-p 00000000 00:00 0 
7fdf40021000-7fdf44000000 ---p 00000000 00:00 0 
7fdf44000000-7fdf4488b000 rw-p 00000000 00:00 0 
7fdf4488b000-7fdf48000000 ---p 00000000 00:00 0 
7fdf48000000-7fdf48021000 rw-p 00000000 00:00 0 
7fdf48021000-7fdf4c000000 ---p 00000000 00:00 0 
7fdf4c000000-7fdf4c021000 rw-p 00000000 00:00 0 
7fdf4c021000-7fdf50000000 ---p 00000000 00:00 0 
7fdf50000000-7fdf50021000 rw-p 00000000 00:00 0 
7fdf50021000-7fdf54000000 ---p 00000000 00:00 0 
7fdf54000000-7fdf54021000 rw-p 00000000 00:00 0 
7fdf54021000-7fdf58000000 ---p 00000000 00:00 0 
7fdf58000000-7fdf583b0000 rw-p 00000000 00:00 0 
7fdf583b0000-7fdf583f0000 rw-p 00000000 00:00 0 
7fdf583f0000-7fdf587f0000 rw-p 00000000 00:00 0 
7fdf587f0000-7fdf58870000 rw-p 00000000 00:00 0 
7fdf58870000-7fdf588f0000 rw-p 00000000 00:00 0 
7fdf588f0000-7fdf58af0000 rw-p 00000000 00:00 0 
7fdf58af0000-7fdf58bf0000 rw-p 00000000 00:00 0 
7fdf58bf0000-7fdf58cf0000 rw-p 00000000 00:00 0 
7fdf58cf0000-7fdf58df0000 rw-p 00000000 00:00 0 
7fdf58df0000-7fdf59000000 rw-p 00000000 00:00 0 
7fdf59400000-7fdf59510000 rw-p 00000000 00:00 0 
7fdf59510000-7fdf59c00000 ---p 00000000 00:00 0 
7fdf59c00000-7fdf59d70000 rw-p 00000000 00:00 0 
7fdf59d70000-7fdf59df0000 rw-p 00000000 00:00 0 
7fdf59df0000-7fdf5a2b0000 rw-p 00000000 00:00 0 
7fdf5a2b0000-7fdf5a2f0000 rw-p 00000000 00:00 0 
7fdf5a2f0000-7fdf5a3f0000 rw-p 00000000 00:00 0 
7fdf5a3f0000-7fdf5a400000 rw-p 00000000 00:00 0 
7fdf5a800000-7fdf5a8f0000 rw-p 00000000 00:00 0 
7fdf5a8f0000-7fdf5a9f0000 rw-p 00000000 00:00 0 
7fdf5a9f0000-7fdf5aef0000 rw-p 00000000 00:00 0 
7fdf5aef0000-7fdf5b000000 rw-p 00000000 00:00 0 
7fdf5b000000-7fdf5b010000 r-xp 00000000 00:258 310                       /home/runner/Practica-Estructural-en-Java/.cache/jdt-language-server/config/org.eclipse.equinox.launcher/org.eclipse.equinox.launcher.gtk.linux.x86_64_1.2.400.v20211117-0650/eclipse_11600.so
7fdf5b010000-7fdf5b20f000 ---p 00010000 00:258 310                       /home/runner/Practica-Estructural-en-Java/.cache/jdt-language-server/config/org.eclipse.equinox.launcher/org.eclipse.equinox.launcher.gtk.linux.x86_64_1.2.400.v20211117-0650/eclipse_11600.so
7fdf5b20f000-7fdf5b210000 r--p 0000f000 00:258 310                       /home/runner/Practica-Estructural-en-Java/.cache/jdt-language-server/config/org.eclipse.equinox.launcher/org.eclipse.equinox.launcher.gtk.linux.x86_64_1.2.400.v20211117-0650/eclipse_11600.so
7fdf5b210000-7fdf5b211000 rw-p 00010000 00:258 310                       /home/runner/Practica-Estructural-en-Java/.cache/jdt-language-server/config/org.eclipse.equinox.launcher/org.eclipse.equinox.launcher.gtk.linux.x86_64_1.2.400.v20211117-0650/eclipse_11600.so
7fdf5bb00000-7fdf5bc00000 ---p 00000000 00:00 0 
7fdf5bc00000-7fdf5c1af000 r--p 01122000 00:47d 707802136                 /nix/store/gpxl5qgg8kicmcvivwmybwjlpf7wh20l-graalvm17-ce-22.3.0/lib/libjvmcicompiler.so
7fdf5c1af000-7fdf5c300000 r--p 00000000 00:00 0 
7fdf5c300000-7fdf5c33d000 rw-p 00000000 00:00 0 
7fdf5c33d000-7fdf5c85d000 rw-p 0185f000 00:47d 707802136                 /nix/store/gpxl5qgg8kicmcvivwmybwjlpf7wh20l-graalvm17-ce-22.3.0/lib/libjvmcicompiler.so
7fdf5c85d000-7fdf5cc44000 r--p 01d7f000 00:47d 707802136                 /nix/store/gpxl5qgg8kicmcvivwmybwjlpf7wh20l-graalvm17-ce-22.3.0/lib/libjvmcicompiler.so
7fdf5cd00000-7fdf5cd04000 ---p 00000000 00:00 0 
7fdf5cd04000-7fdf5ce00000 rw-p 00000000 00:00 0 
7fdf5cf00000-7fdf5cf04000 ---p 00000000 00:00 0 
7fdf5cf04000-7fdf5d000000 rw-p 00000000 00:00 0 
7fdf5d100000-7fdf5d104000 ---p 00000000 00:00 0 
7fdf5d104000-7fdf5d200000 rw-p 00000000 00:00 0 
7fdf5d300000-7fdf5d304000 ---p 00000000 00:00 0 
7fdf5d304000-7fdf5d400000 rw-p 00000000 00:00 0 
7fdf5d400000-7fdf5d404000 ---p 00000000 00:00 0 
7fdf5d404000-7fdf5d500000 rw-p 00000000 00:00 0 
7fdf5d500000-7fdf5d504000 ---p 00000000 00:00 0 
7fdf5d504000-7fdf5d600000 rw-p 00000000 00:00 0 
7fdf5d700000-7fdf5d704000 ---p 00000000 00:00 0 
7fdf5d704000-7fdf5d800000 rw-p 00000000 00:00 0 
7fdf5d900000-7fdf5d904000 ---p 00000000 00:00 0 
7fdf5d904000-7fdf5da00000 rw-p 00000000 00:00 0 
7fdf5db00000-7fdf5db04000 ---p 00000000 00:00 0 
7fdf5db04000-7fdf5dc00000 rw-p 00000000 00:00 0 
7fdf5dc00000-7fdf5fd6a000 r-xp 00000000 00:47d 707802136                 /nix/store/gpxl5qgg8kicmcvivwmybwjlpf7wh20l-graalvm17-ce-22.3.0/lib/libjvmcicompiler.so
7fdf5fd6a000-7fdf5ff69000 ---p 0216a000 00:47d 707802136                 /nix/store/gpxl5qgg8kicmcvivwmybwjlpf7wh20l-graalvm17-ce-22.3.0/lib/libjvmcicompiler.so
7fdf5ff69000-7fdf5ff6a000 r--p 02169000 00:47d 707802136                 /nix/store/gpxl5qgg8kicmcvivwmybwjlpf7wh20l-graalvm17-ce-22.3.0/lib/libjvmcicompiler.so
7fdf5ff6a000-7fdf5ff6c000 rw-p 0216a000 00:47d 707802136                 /nix/store/gpxl5qgg8kicmcvivwmybwjlpf7wh20l-graalvm17-ce-22.3.0/lib/libjvmcicompiler.so
7fdf5ff6c000-7fdf5ff6d000 rw-p 00000000 00:00 0 
7fdf5ff6d000-7fdf5ff72000 rw-p 023c3000 00:47d 707802136                 /nix/store/gpxl5qgg8kicmcvivwmybwjlpf7wh20l-graalvm17-ce-22.3.0/lib/libjvmcicompiler.so
7fdf60000000-7fdf60021000 rw-p 00000000 00:00 0 
7fdf60021000-7fdf64000000 ---p 00000000 00:00 0 
7fdf64000000-7fdf64021000 rw-p 00000000 00:00 0 
7fdf64021000-7fdf68000000 ---p 00000000 00:00 0 
7fdf68000000-7fdf68021000 rw-p 00000000 00:00 0 
7fdf68021000-7fdf6c000000 ---p 00000000 00:00 0 
7fdf6c000000-7fdf6c021000 rw-p 00000000 00:00 0 
7fdf6c021000-7fdf70000000 ---p 00000000 00:00 0 
7fdf70000000-7fdf700e8000 rw-p 00000000 00:00 0 
7fdf700e8000-7fdf74000000 ---p 00000000 00:00 0 
7fdf74000000-7fdf74ad1000 rw-p 00000000 00:00 0 
7fdf74ad1000-7fdf78000000 ---p 00000000 00:00 0 
7fdf78000000-7fdf78021000 rw-p 00000000 00:00 0 
7fdf78021000-7fdf7c000000 ---p 00000000 00:00 0 
7fdf7c000000-7fdf7c021000 rw-p 00000000 00:00 0 
7fdf7c021000-7fdf80000000 ---p 00000000 00:00 0 
7fdf80000000-7fdf80021000 rw-p 00000000 00:00 0 
7fdf80021000-7fdf84000000 ---p 00000000 00:00 0 
7fdf84000000-7fdf84021000 rw-p 00000000 00:00 0 
7fdf84021000-7fdf88000000 ---p 00000000 00:00 0 
7fdf88000000-7fdf88021000 rw-p 00000000 00:00 0 
7fdf88021000-7fdf8c000000 ---p 00000000 00:00 0 
7fdf8c000000-7fdf8c021000 rw-p 00000000 00:00 0 
7fdf8c021000-7fdf90000000 ---p 00000000 00:00 0 
7fdf90000000-7fdf9008e000 rw-p 00000000 00:00 0 
7fdf9008e000-7fdf94000000 ---p 00000000 00:00 0 
7fdf94000000-7fdf94004000 ---p 00000000 00:00 0 
7fdf94004000-7fdf94100000 rw-p 00000000 00:00 0 
7fdf94200000-7fdf94204000 ---p 00000000 00:00 0 
7fdf94204000-7fdf94300000 rw-p 00000000 00:00 0 
7fdf94400000-7fdf94404000 ---p 00000000 00:00 0 
7fdf94404000-7fdf94500000 rw-p 00000000 00:00 0 
7fdf94600000-7fdf94604000 ---p 00000000 00:00 0 
7fdf94604000-7fdf94700000 rw-p 00000000 00:00 0 
7fdf94800000-7fdf94804000 ---p 00000000 00:00 0 
7fdf94804000-7fdf94900000 rw-p 00000000 00:00 0 
7fdf94a00000-7fdf94a04000 ---p 00000000 00:00 0 
7fdf94a04000-7fdf94b00000 rw-p 00000000 00:00 0 
7fdf94c00000-7fdf94c04000 ---p 00000000 00:00 0 
7fdf94c04000-7fdf94d00000 rw-p 00000000 00:00 0 
7fdf94e00000-7fdf94e04000 ---p 00000000 00:00 0 
7fdf94e04000-7fdf94f00000 rw-p 00000000 00:00 0 
7fdf95668000-7fdf95b00000 rw-p 00000000 00:00 0 
7fdf95c00000-7fdf95c04000 ---p 00000000 00:00 0 
7fdf95c04000-7fdf95d00000 rw-p 00000000 00:00 0 
7fdf95e00000-7fdf95e04000 ---p 00000000 00:00 0 
7fdf95e04000-7fdf95f00000 rw-p 00000000 00:00 0 
7fdf95ffe000-7fdf96002000 ---p 00000000 00:00 0 
7fdf96002000-7fdf960fe000 rw-p 00000000 00:00 0 
7fdf960fe000-7fdf960ff000 ---p 00000000 00:00 0 
7fdf960ff000-7fdf96200000 rw-p 00000000 00:00 0 
7fdf96200000-7fdf96204000 ---p 00000000 00:00 0 
7fdf96204000-7fdf96300000 rw-p 00000000 00:00 0 
7fdf96300000-7fdf96304000 ---p 00000000 00:00 0 
7fdf96304000-7fdf96400000 rw-p 00000000 00:00 0 
7fdf96400000-7fdf96404000 ---p 00000000 00:00 0 
7fdf96404000-7fdf96500000 rw-p 00000000 00:00 0 
7fdf96500000-7fdf96504000 ---p 00000000 00:00 0 
7fdf96504000-7fdf96700000 rw-p 00000000 00:00 0 
7fdf96700000-7fdf96704000 ---p 00000000 00:00 0 
7fdf96704000-7fdf96900000 rw-p 00000000 00:00 0 
7fdf96900000-7fdf96904000 ---p 00000000 00:00 0 
7fdf96904000-7fdf96a00000 rw-p 00000000 00:00 0 
7fdf96a00000-7fdf96a04000 ---p 00000000 00:00 0 
7fdf96a04000-7fdf96b00000 rw-p 00000000 00:00 0 
7fdf96b00000-7fdf96b04000 ---p 00000000 00:00 0 
7fdf96b04000-7fdf96ff0000 rw-p 00000000 00:00 0 
7fdf96ff0000-7fdf972f0000 rw-p 00000000 00:00 0 
7fdf972f0000-7fdf97400000 rw-p 00000000 00:00 0 
7fdf974b3000-7fdf97723000 rwxp 00000000 00:00 0 
7fdf97723000-7fdf97a42000 ---p 00000000 00:00 0 
7fdf97a42000-7fdf986a2000 rwxp 00000000 00:00 0 
7fdf986a2000-7fdf9ef7a000 ---p 00000000 00:00 0 
7fdf9ef7a000-7fdf9f1ea000 rwxp 00000000 00:00 0 
7fdf9f1ea000-7fdfa64b3000 ---p 00000000 00:00 0 
7fdfa64b3000-7fdfb0000000 r--s 00000000 00:47d 707804677                 /nix/store/gpxl5qgg8kicmcvivwmybwjlpf7wh20l-graalvm17-ce-22.3.0/lib/modules
7fdfb0000000-7fdfb03fb000 rw-p 00000000 00:00 0 
7fdfb03fb000-7fdfb4000000 ---p 00000000 00:00 0 
7fdfb4012000-7fdfb4014000 r-xp 00000000 00:47d 707802113                 /nix/store/gpxl5qgg8kicmcvivwmybwjlpf7wh20l-graalvm17-ce-22.3.0/lib/libextnet.so
7fdfb4014000-7fdfb4015000 r--p 00001000 00:47d 707802113                 /nix/store/gpxl5qgg8kicmcvivwmybwjlpf7wh20l-graalvm17-ce-22.3.0/lib/libextnet.so
7fdfb4015000-7fdfb4016000 rw-p 00002000 00:47d 707802113                 /nix/store/gpxl5qgg8kicmcvivwmybwjlpf7wh20l-graalvm17-ce-22.3.0/lib/libextnet.so
7fdfb4016000-7fdfb4017000 rw-p 00004000 00:47d 707802113                 /nix/store/gpxl5qgg8kicmcvivwmybwjlpf7wh20l-graalvm17-ce-22.3.0/lib/libextnet.so
7fdfb4017000-7fdfb401b000 ---p 00000000 00:00 0 
7fdfb401b000-7fdfb4039000 rw-p 00000000 00:00 0 
7fdfb4039000-7fdfb4040000 r-xp 00000000 00:47d 707804676                 /nix/store/gpxl5qgg8kicmcvivwmybwjlpf7wh20l-graalvm17-ce-22.3.0/lib/libzip.so
7fdfb4040000-7fdfb4041000 ---p 00007000 00:47d 707804676                 /nix/store/gpxl5qgg8kicmcvivwmybwjlpf7wh20l-graalvm17-ce-22.3.0/lib/libzip.so
7fdfb4041000-7fdfb4042000 r--p 00007000 00:47d 707804676                 /nix/store/gpxl5qgg8kicmcvivwmybwjlpf7wh20l-graalvm17-ce-22.3.0/lib/libzip.so
7fdfb4042000-7fdfb4043000 rw-p 00008000 00:47d 707804676                 /nix/store/gpxl5qgg8kicmcvivwmybwjlpf7wh20l-graalvm17-ce-22.3.0/lib/libzip.so
7fdfb4043000-7fdfb4045000 rw-p 0000b000 00:47d 707804676                 /nix/store/gpxl5qgg8kicmcvivwmybwjlpf7wh20l-graalvm17-ce-22.3.0/lib/libzip.so
7fdfb4045000-7fdfb405a000 r-xp 00000000 00:47d 707804666                 /nix/store/gpxl5qgg8kicmcvivwmybwjlpf7wh20l-graalvm17-ce-22.3.0/lib/libnet.so
7fdfb405a000-7fdfb405b000 ---p 00015000 00:47d 707804666                 /nix/store/gpxl5qgg8kicmcvivwmybwjlpf7wh20l-graalvm17-ce-22.3.0/lib/libnet.so
7fdfb405b000-7fdfb405c000 r--p 00015000 00:47d 707804666                 /nix/store/gpxl5qgg8kicmcvivwmybwjlpf7wh20l-graalvm17-ce-22.3.0/lib/libnet.so
7fdfb405c000-7fdfb405d000 rw-p 00016000 00:47d 707804666                 /nix/store/gpxl5qgg8kicmcvivwmybwjlpf7wh20l-graalvm17-ce-22.3.0/lib/libnet.so
7fdfb405d000-7fdfb4060000 rw-p 0001b000 00:47d 707804666                 /nix/store/gpxl5qgg8kicmcvivwmybwjlpf7wh20l-graalvm17-ce-22.3.0/lib/libnet.so
7fdfb4060000-7fdfb4073000 r-xp 00000000 00:47d 707804667                 /nix/store/gpxl5qgg8kicmcvivwmybwjlpf7wh20l-graalvm17-ce-22.3.0/lib/libnio.so
7fdfb4073000-7fdfb4074000 r--p 00012000 00:47d 707804667                 /nix/store/gpxl5qgg8kicmcvivwmybwjlpf7wh20l-graalvm17-ce-22.3.0/lib/libnio.so
7fdfb4074000-7fdfb4075000 rw-p 00013000 00:47d 707804667                 /nix/store/gpxl5qgg8kicmcvivwmybwjlpf7wh20l-graalvm17-ce-22.3.0/lib/libnio.so
7fdfb4075000-7fdfb407a000 rw-p 00019000 00:47d 707804667                 /nix/store/gpxl5qgg8kicmcvivwmybwjlpf7wh20l-graalvm17-ce-22.3.0/lib/libnio.so
7fdfb407a000-7fdfb4360000 r--p 00000000 00:696 28444448                  /usr/lib/locale/locale-archive
7fdfb4360000-7fdfb4364000 ---p 00000000 00:00 0 
7fdfb4364000-7fdfb4460000 rw-p 00000000 00:00 0 
7fdfb4460000-7fdfb4464000 ---p 00000000 00:00 0 
7fdfb4464000-7fdfb4560000 rw-p 00000000 00:00 0 
7fdfb4560000-7fdfb4561000 ---p 00000000 00:00 0 
7fdfb4561000-7fdfb4662000 rw-p 00000000 00:00 0 
7fdfb4662000-7fdfb4730000 r-xp 00000000 00:47d 707802132                 /nix/store/gpxl5qgg8kicmcvivwmybwjlpf7wh20l-graalvm17-ce-22.3.0/lib/libjsvml.so
7fdfb4730000-7fdfb4731000 r--p 000cd000 00:47d 707802132                 /nix/store/gpxl5qgg8kicmcvivwmybwjlpf7wh20l-graalvm17-ce-22.3.0/lib/libjsvml.so
7fdfb4731000-7fdfb4732000 rw-p 000ce000 00:47d 707802132                 /nix/store/gpxl5qgg8kicmcvivwmybwjlpf7wh20l-graalvm17-ce-22.3.0/lib/libjsvml.so
7fdfb4732000-7fdfb600a000 rw-p 00000000 00:00 0 
7fdfb600a000-7fdfb600b000 ---p 00000000 00:00 0 
7fdfb600b000-7fdfb6196000 rw-p 00000000 00:00 0 
7fdfb6196000-7fdfb61c2000 rw-p 00000000 00:00 0 
7fdfb61c2000-7fdfb620c000 ---p 00000000 00:00 0 
7fdfb620c000-7fdfb6212000 rw-p 00000000 00:00 0 
7fdfb6212000-7fdfb62f8000 ---p 00000000 00:00 0 
7fdfb62f8000-7fdfb6311000 rw-p 00000000 00:00 0 
7fdfb6311000-7fdfb63e3000 ---p 00000000 00:00 0 
7fdfb63e3000-7fdfb63e8000 rw-p 00000000 00:00 0 
7fdfb63e8000-7fdfb63ef000 ---p 00000000 00:00 0 
7fdfb63ef000-7fdfb6413000 r-xp 00000000 00:47d 707802124                 /nix/store/gpxl5qgg8kicmcvivwmybwjlpf7wh20l-graalvm17-ce-22.3.0/lib/libjava.so
7fdfb6413000-7fdfb6414000 ---p 00024000 00:47d 707802124                 /nix/store/gpxl5qgg8kicmcvivwmybwjlpf7wh20l-graalvm17-ce-22.3.0/lib/libjava.so
7fdfb6414000-7fdfb6415000 r--p 00024000 00:47d 707802124                 /nix/store/gpxl5qgg8kicmcvivwmybwjlpf7wh20l-graalvm17-ce-22.3.0/lib/libjava.so
7fdfb6415000-7fdfb6416000 rw-p 00025000 00:47d 707802124                 /nix/store/gpxl5qgg8kicmcvivwmybwjlpf7wh20l-graalvm17-ce-22.3.0/lib/libjava.so
7fdfb6416000-7fdfb6417000 rw-p 00000000 00:00 0 
7fdfb6417000-7fdfb641e000 rw-p 0002f000 00:47d 707802124                 /nix/store/gpxl5qgg8kicmcvivwmybwjlpf7wh20l-graalvm17-ce-22.3.0/lib/libjava.so
7fdfb641e000-7fdfb6426000 rw-s 00000000 00:68f 386                       /tmp/hsperfdata_runner/40
7fdfb6426000-7fdfb6427000 ---p 00000000 00:00 0 
7fdfb6427000-7fdfb6428000 r--p 00000000 00:00 0 
7fdfb6428000-7fdfb6429000 rwxp 00000000 00:00 0 
7fdfb6429000-7fdfb6444000 r-xp 00000000 00:47d 707802128                 /nix/store/gpxl5qgg8kicmcvivwmybwjlpf7wh20l-graalvm17-ce-22.3.0/lib/libjimage.so
7fdfb6444000-7fdfb6445000 ---p 0001b000 00:47d 707802128                 /nix/store/gpxl5qgg8kicmcvivwmybwjlpf7wh20l-graalvm17-ce-22.3.0/lib/libjimage.so
7fdfb6445000-7fdfb6447000 r--p 0001b000 00:47d 707802128                 /nix/store/gpxl5qgg8kicmcvivwmybwjlpf7wh20l-graalvm17-ce-22.3.0/lib/libjimage.so
7fdfb6447000-7fdfb6448000 rw-p 0001d000 00:47d 707802128                 /nix/store/gpxl5qgg8kicmcvivwmybwjlpf7wh20l-graalvm17-ce-22.3.0/lib/libjimage.so
7fdfb6448000-7fdfb6449000 rw-p 00024000 00:47d 707802128                 /nix/store/gpxl5qgg8kicmcvivwmybwjlpf7wh20l-graalvm17-ce-22.3.0/lib/libjimage.so
7fdfb6449000-7fdfb644d000 ---p 00000000 00:00 0 
7fdfb644d000-7fdfb6549000 rw-p 00000000 00:00 0 
7fdfb6549000-7fdfb6557000 r--p 00000000 00:47d 600592023                 /nix/store/4nlgxhb09sdr51nc9hdm8az5b08vzkgx-glibc-2.35-163/lib/libm.so.6
7fdfb6557000-7fdfb65ca000 r-xp 0000e000 00:47d 600592023                 /nix/store/4nlgxhb09sdr51nc9hdm8az5b08vzkgx-glibc-2.35-163/lib/libm.so.6
7fdfb65ca000-7fdfb6627000 r--p 00081000 00:47d 600592023                 /nix/store/4nlgxhb09sdr51nc9hdm8az5b08vzkgx-glibc-2.35-163/lib/libm.so.6
7fdfb6627000-7fdfb6628000 r--p 000dd000 00:47d 600592023                 /nix/store/4nlgxhb09sdr51nc9hdm8az5b08vzkgx-glibc-2.35-163/lib/libm.so.6
7fdfb6628000-7fdfb6629000 rw-p 000de000 00:47d 600592023                 /nix/store/4nlgxhb09sdr51nc9hdm8az5b08vzkgx-glibc-2.35-163/lib/libm.so.6
7fdfb6629000-7fdfb662a000 r--p 00000000 00:47d 600592042                 /nix/store/4nlgxhb09sdr51nc9hdm8az5b08vzkgx-glibc-2.35-163/lib/librt.so.1
7fdfb662a000-7fdfb662b000 r-xp 00001000 00:47d 600592042                 /nix/store/4nlgxhb09sdr51nc9hdm8az5b08vzkgx-glibc-2.35-163/lib/librt.so.1
7fdfb662b000-7fdfb662c000 r--p 00002000 00:47d 600592042                 /nix/store/4nlgxhb09sdr51nc9hdm8az5b08vzkgx-glibc-2.35-163/lib/librt.so.1
7fdfb662c000-7fdfb662d000 r--p 00002000 00:47d 600592042                 /nix/store/4nlgxhb09sdr51nc9hdm8az5b08vzkgx-glibc-2.35-163/lib/librt.so.1
7fdfb662d000-7fdfb662e000 rw-p 00003000 00:47d 600592042                 /nix/store/4nlgxhb09sdr51nc9hdm8az5b08vzkgx-glibc-2.35-163/lib/librt.so.1
7fdfb662e000-7fdfb7741000 r-xp 00000000 00:47d 707972962                 /nix/store/gpxl5qgg8kicmcvivwmybwjlpf7wh20l-graalvm17-ce-22.3.0/lib/server/libjvm.so
7fdfb7741000-7fdfb7742000 ---p 01113000 00:47d 707972962                 /nix/store/gpxl5qgg8kicmcvivwmybwjlpf7wh20l-graalvm17-ce-22.3.0/lib/server/libjvm.so
7fdfb7742000-7fdfb77f7000 r--p 01113000 00:47d 707972962                 /nix/store/gpxl5qgg8kicmcvivwmybwjlpf7wh20l-graalvm17-ce-22.3.0/lib/server/libjvm.so
7fdfb77f7000-7fdfb782b000 rw-p 011c8000 00:47d 707972962                 /nix/store/gpxl5qgg8kicmcvivwmybwjlpf7wh20l-graalvm17-ce-22.3.0/lib/server/libjvm.so
7fdfb782b000-7fdfb7887000 rw-p 00000000 00:00 0 
7fdfb7887000-7fdfb78af000 r--p 00000000 00:47d 600592014                 /nix/store/4nlgxhb09sdr51nc9hdm8az5b08vzkgx-glibc-2.35-163/lib/libc.so.6
7fdfb78af000-7fdfb7a25000 r-xp 00028000 00:47d 600592014                 /nix/store/4nlgxhb09sdr51nc9hdm8az5b08vzkgx-glibc-2.35-163/lib/libc.so.6
7fdfb7a25000-7fdfb7a7d000 r--p 0019e000 00:47d 600592014                 /nix/store/4nlgxhb09sdr51nc9hdm8az5b08vzkgx-glibc-2.35-163/lib/libc.so.6
7fdfb7a7d000-7fdfb7a81000 r--p 001f6000 00:47d 600592014                 /nix/store/4nlgxhb09sdr51nc9hdm8az5b08vzkgx-glibc-2.35-163/lib/libc.so.6
7fdfb7a81000-7fdfb7a83000 rw-p 001fa000 00:47d 600592014                 /nix/store/4nlgxhb09sdr51nc9hdm8az5b08vzkgx-glibc-2.35-163/lib/libc.so.6
7fdfb7a83000-7fdfb7a92000 rw-p 00000000 00:00 0 
7fdfb7a92000-7fdfb7a93000 r--p 00000000 00:47d 600592019                 /nix/store/4nlgxhb09sdr51nc9hdm8az5b08vzkgx-glibc-2.35-163/lib/libdl.so.2
7fdfb7a93000-7fdfb7a94000 r-xp 00001000 00:47d 600592019                 /nix/store/4nlgxhb09sdr51nc9hdm8az5b08vzkgx-glibc-2.35-163/lib/libdl.so.2
7fdfb7a94000-7fdfb7a95000 r--p 00002000 00:47d 600592019                 /nix/store/4nlgxhb09sdr51nc9hdm8az5b08vzkgx-glibc-2.35-163/lib/libdl.so.2
7fdfb7a95000-7fdfb7a96000 r--p 00002000 00:47d 600592019                 /nix/store/4nlgxhb09sdr51nc9hdm8az5b08vzkgx-glibc-2.35-163/lib/libdl.so.2
7fdfb7a96000-7fdfb7a97000 rw-p 00003000 00:47d 600592019                 /nix/store/4nlgxhb09sdr51nc9hdm8az5b08vzkgx-glibc-2.35-163/lib/libdl.so.2
7fdfb7a97000-7fdfb7a98000 r--p 00000000 00:47d 600592038                 /nix/store/4nlgxhb09sdr51nc9hdm8az5b08vzkgx-glibc-2.35-163/lib/libpthread.so.0
7fdfb7a98000-7fdfb7a99000 r-xp 00001000 00:47d 600592038                 /nix/store/4nlgxhb09sdr51nc9hdm8az5b08vzkgx-glibc-2.35-163/lib/libpthread.so.0
7fdfb7a99000-7fdfb7a9a000 r--p 00002000 00:47d 600592038                 /nix/store/4nlgxhb09sdr51nc9hdm8az5b08vzkgx-glibc-2.35-163/lib/libpthread.so.0
7fdfb7a9a000-7fdfb7a9b000 r--p 00002000 00:47d 600592038                 /nix/store/4nlgxhb09sdr51nc9hdm8az5b08vzkgx-glibc-2.35-163/lib/libpthread.so.0
7fdfb7a9b000-7fdfb7a9c000 rw-p 00003000 00:47d 600592038                 /nix/store/4nlgxhb09sdr51nc9hdm8az5b08vzkgx-glibc-2.35-163/lib/libpthread.so.0
7fdfb7a9c000-7fdfb7aaa000 r-xp 00000000 00:47d 707802129                 /nix/store/gpxl5qgg8kicmcvivwmybwjlpf7wh20l-graalvm17-ce-22.3.0/lib/libjli.so
7fdfb7aaa000-7fdfb7aab000 ---p 0000e000 00:47d 707802129                 /nix/store/gpxl5qgg8kicmcvivwmybwjlpf7wh20l-graalvm17-ce-22.3.0/lib/libjli.so
7fdfb7aab000-7fdfb7aac000 r--p 0000e000 00:47d 707802129                 /nix/store/gpxl5qgg8kicmcvivwmybwjlpf7wh20l-graalvm17-ce-22.3.0/lib/libjli.so
7fdfb7aac000-7fdfb7aad000 rw-p 0000f000 00:47d 707802129                 /nix/store/gpxl5qgg8kicmcvivwmybwjlpf7wh20l-graalvm17-ce-22.3.0/lib/libjli.so
7fdfb7aad000-7fdfb7aae000 rw-p 00012000 00:47d 707802129                 /nix/store/gpxl5qgg8kicmcvivwmybwjlpf7wh20l-graalvm17-ce-22.3.0/lib/libjli.so
7fdfb7aae000-7fdfb7ab1000 r--p 00000000 00:47d 678822167                 /nix/store/026hln0aq1hyshaxsdvhg0kmcm6yf45r-zlib-1.2.13/lib/libz.so.1.2.13
7fdfb7ab1000-7fdfb7ac3000 r-xp 00003000 00:47d 678822167                 /nix/store/026hln0aq1hyshaxsdvhg0kmcm6yf45r-zlib-1.2.13/lib/libz.so.1.2.13
7fdfb7ac3000-7fdfb7aca000 r--p 00015000 00:47d 678822167                 /nix/store/026hln0aq1hyshaxsdvhg0kmcm6yf45r-zlib-1.2.13/lib/libz.so.1.2.13
7fdfb7aca000-7fdfb7acb000 r--p 0001b000 00:47d 678822167                 /nix/store/026hln0aq1hyshaxsdvhg0kmcm6yf45r-zlib-1.2.13/lib/libz.so.1.2.13
7fdfb7acb000-7fdfb7acc000 rw-p 0001c000 00:47d 678822167                 /nix/store/026hln0aq1hyshaxsdvhg0kmcm6yf45r-zlib-1.2.13/lib/libz.so.1.2.13
7fdfb7acc000-7fdfb7ace000 rw-p 00000000 00:00 0 
7fdfb7ace000-7fdfb7ad0000 r--p 00000000 00:47d 600592008                 /nix/store/4nlgxhb09sdr51nc9hdm8az5b08vzkgx-glibc-2.35-163/lib/ld-linux-x86-64.so.2
7fdfb7ad0000-7fdfb7af7000 r-xp 00002000 00:47d 600592008                 /nix/store/4nlgxhb09sdr51nc9hdm8az5b08vzkgx-glibc-2.35-163/lib/ld-linux-x86-64.so.2
7fdfb7af7000-7fdfb7b03000 r--p 00029000 00:47d 600592008                 /nix/store/4nlgxhb09sdr51nc9hdm8az5b08vzkgx-glibc-2.35-163/lib/ld-linux-x86-64.so.2
7fdfb7b03000-7fdfb7b05000 r--p 00034000 00:47d 600592008                 /nix/store/4nlgxhb09sdr51nc9hdm8az5b08vzkgx-glibc-2.35-163/lib/ld-linux-x86-64.so.2
7fdfb7b05000-7fdfb7b07000 rw-p 00036000 00:47d 600592008                 /nix/store/4nlgxhb09sdr51nc9hdm8az5b08vzkgx-glibc-2.35-163/lib/ld-linux-x86-64.so.2
7ffc62251000-7ffc62275000 rw-p 00000000 00:00 0                          [stack]
7ffc622f1000-7ffc622f5000 r--p 00000000 00:00 0                          [vvar]
7ffc622f5000-7ffc622f7000 r-xp 00000000 00:00 0                          [vdso]
ffffffffff600000-ffffffffff601000 --xp 00000000 00:00 0                  [vsyscall]


VM Arguments:
jvm_args: -XX:ThreadPriorityPolicy=1 -XX:+UnlockExperimentalVMOptions -XX:+EnableJVMCIProduct -XX:JVMCIThreadsPerNativeLibraryRuntime=1 -XX:-UnlockExperimentalVMOptions -Declipse.application=org.eclipse.jdt.ls.core.id1 -Dosgi.bundles.defaultStartLevel=4 -Declipse.product=org.eclipse.jdt.ls.core.product -Dlog.level=ALL -Xverify:none -XX:+UseParallelGC -XX:GCTimeRatio=4 -XX:AdaptiveSizePolicyWeight=90 -Dsun.zip.disableMemoryMapping=true -Xmx512m -Xms100m 
java_command: /nix/store/a7s9klvriqi68xz3qjc0qyfl5h86xc16-jdt-language-server-1.9.0/share/java/plugins/org.eclipse.equinox.launcher_1.6.400.v20210924-0641.jar --add-modules=ALL-SYSTEM --add-opens java.base/java.util=ALL-UNNAMED --add-opens java.base/java.lang=ALL-UNNAMED -configuration /home/runner/Practica-Estructural-en-Java/.cache/jdt-language-server/config -data /home/runner/Practica-Estructural-en-Java/.cache/jdt-language-server/data/home/runner/Practica-Estructural-en-Java
java_class_path (initial): /nix/store/a7s9klvriqi68xz3qjc0qyfl5h86xc16-jdt-language-server-1.9.0/share/java/plugins/org.eclipse.equinox.launcher_1.6.400.v20210924-0641.jar
Launcher Type: SUN_STANDARD

[Global flags]
    uintx AdaptiveSizePolicyWeight                 = 90                                        {product} {command line}
     intx CICompilerCount                          = 2                                         {product} {ergonomic}
     bool EnableJVMCIProduct                       = true                                {JVMCI product} {jimage}
    uintx GCTimeRatio                              = 4                                         {product} {command line}
   size_t InitialHeapSize                          = 104857600                                 {product} {command line}
     uint JVMCIThreadsPerNativeLibraryRuntime      = 1                                   {JVMCI product} {jimage}
   size_t MaxHeapSize                              = 536870912                                 {product} {command line}
   size_t MaxNewSize                               = 178782208                                 {product} {ergonomic}
   size_t MinHeapDeltaBytes                        = 524288                                    {product} {ergonomic}
   size_t MinHeapSize                              = 104857600                                 {product} {command line}
   size_t NewSize                                  = 34603008                                  {product} {ergonomic}
    uintx NonNMethodCodeHeapSize                   = 5826188                                {pd product} {ergonomic}
    uintx NonProfiledCodeHeapSize                  = 122916026                              {pd product} {ergonomic}
   size_t OldSize                                  = 70254592                                  {product} {ergonomic}
    uintx ProfiledCodeHeapSize                     = 122916026                              {pd product} {ergonomic}
    uintx ReservedCodeCacheSize                    = 251658240                              {pd product} {ergonomic}
     bool SegmentedCodeCache                       = true                                      {product} {ergonomic}
   size_t SoftMaxHeapSize                          = 536870912                              {manageable} {ergonomic}
     intx ThreadPriorityPolicy                     = 1                                         {product} {jimage}
     bool UseCompressedClassPointers               = true                           {product lp64_product} {ergonomic}
     bool UseCompressedOops                        = true                           {product lp64_product} {ergonomic}
     bool UseParallelGC                            = true                                      {product} {command line}

Logging:
Log output configuration:
 #0: stdout all=warning uptime,level,tags
 #1: stderr all=off uptime,level,tags

Environment Variables:
JAVA_HOME=/nix/store/gpxl5qgg8kicmcvivwmybwjlpf7wh20l-graalvm17-ce-22.3.0
PATH=/nix/store/1d6ian3r8kdzspw8hacjhl3xkp40g1lj-binutils-wrapper-2.39/bin:/nix/store/dq0xwmsk1g0i2ayg6pb7y87na2knzylh-gcc-wrapper-11.3.0/bin:/nix/store/bap4d0lpcrhpwmpb8ayjcgkmvfj62lnq-bash-interactive-5.1-p16/bin:/nix/store/pr5n59mb4jzmfx6kanwxly0l07p861fg-patchelf-0.15.0/bin:/nix/store/1gf2flfqnpqbr1b4p4qz2f72y42bs56r-gcc-11.3.0/bin:/nix/store/57xv61c5zi8pphjbcwxxjlgc34p61ic9-glibc-2.35-163-bin/bin:/nix/store/a7gvj343m05j2s32xcnwr35v31ynlypr-coreutils-9.1/bin:/nix/store/039g378vc3pc3dvi9dzdlrd0i4q93qwf-binutils-2.39/bin:/nix/store/gpxl5qgg8kicmcvivwmybwjlpf7wh20l-graalvm17-ce-22.3.0/bin:/nix/store/6z9ag3ihc8mq2hzsw48lhbznvzny65nz-apache-maven-3.8.6/bin:/nix/store/a7s9klvriqi68xz3qjc0qyfl5h86xc16-jdt-language-server-1.9.0/bin:/nix/store/48ifl2w60a3zp7yskbpnvn8jp9jdsb7k-java-debug/bin:/nix/store/mydc6f4k2z73xlcz7ilif3v2lcaiqvza-findutils-4.9.0/bin:/nix/store/j9p3g8472iijd50vhdprx0nmk2fqn5gv-diffutils-3.8/bin:/nix/store/89zs7rms6x00xfq4dq6m7mjnhkr8a6r4-gnused-4.8/bin:/nix/store/86bp03jkmsl6f92w0yzg4s59g5mhxwmy-gnugrep-3.7/bin:/nix/store/hwcdqw4jrjnd37wxqgsd47hd0j8bnj09-gawk-5.1.1/bin:/nix/store/cfbhw8r8ags41vwqaz47r583d0p4h4a1-gnutar-1.34/bin:/nix/store/p3m1ndl1lapwrlh698bnb5lvvxh67378-gzip-1.12/bin:/nix/store/a8mhcagrsly7c7mpjrpsnaahk4aax056-bzip2-1.0.8-bin/bin:/nix/store/mblgz65m3zv9x548a3d5m96fj2pbwr09-gnumake-4.3/bin:/nix/store/dsd5gz46hdbdk2rfdimqddhq6m8m8fqs-bash-5.1-p16/bin:/nix/store/v7ljksji50mg3w61dykaa3n3y79n6nil-patch-2.7.6/bin:/nix/store/zlcnmqq14jz5x9439jf937mvayyl63da-xz-5.2.7-bin/bin:/nix/store/y6aj732zm9m87c82fpvf103a1xb22blp-file-5.43/bin:/nix/store/yq0vlv3d2f5si3ibawpq5ay2pc6knixp-nix-2.18.0pre20230808_c0e6466/bin:/nix/store/i4kzir3m7mrisxmf5xvlnkw01x4qaqr4-prybar-elisp-0.0.0-e0d9a52/bin:/nix/store/lwwivxf6h7x3cvxp9zv8sj0mv7dak99r-prybar-lua-0.0.0-e0d9a52/bin:/nix/store/gxj28g1cg4hq3qanmjv07156h800qr58-prybar-python3-0.0.0-e0d9a52/bin:/nix/store/hshkjnxrgidigf8x75vg6lqng2xlx9i3-prybar-sqlite-0.0.0-e0d9a52/bin:/nix/store/c4w01bpjgyy5ixmwdk8m1pw87zq4sl
LD_LIBRARY_PATH=/nix/store/a4pff549sk2idnkpzk5nsfps3mdkdnvm-cups-2.4.2-lib/lib:/nix/store/72mqxxhh3cy5yifh92wh2yb8cl2hikyy-cairo-1.16.0/lib:/nix/store/2k366jrbsra97gjfxwvrhvixjfxdach5-glib-2.74.1/lib:/nix/store/2j2znigd8ak37rlwh9khz0ry3clqlw1l-gtk+3-3.24.34/lib:/nix/store/hisqvx32cd57apbpcsnkpx6k3549wql1-libglvnd-1.4.0/lib:/nix/store/p36pgcv991mq5srvg765b78yqpxvk3qs-mesa-21.3.3-drivers/lib:/nix/store/mav4251if1ahjq5vkpwycyyvnmy459c4-pulseaudio-14.2/lib
DISPLAY=:0
LANG=en_US.UTF-8

Signal Handlers:
   SIGSEGV: crash_handler in libjvm.so, mask=11100100010111111101111111111110, flags=SA_RESTART|SA_SIGINFO
    SIGBUS: crash_handler in libjvm.so, mask=11100100010111111101111111111110, flags=SA_RESTART|SA_SIGINFO
    SIGFPE: crash_handler in libjvm.so, mask=11100100010111111101111111111110, flags=SA_RESTART|SA_SIGINFO
   SIGPIPE: IsolateEnterStub_IgnoreSIGPIPEStartupHook_noopSignalHandler_8f19bff2f35b5f630d83b364d6b2339320d4ec70_216e8361c6bc87a8f89f58cc10d3b2fd4415bf87 in libjvmcicompiler.so, mask=00000000000000000000000000000000, flags=SA_RESTART
  *** Handler was modified!
  *** Expected: javaSignalHandler in libjvm.so, mask=11100100110111111111111111111110, flags=SA_RESTART|SA_SIGINFO
   SIGXFSZ: javaSignalHandler in libjvm.so, mask=11100100010111111101111111111110, flags=SA_RESTART|SA_SIGINFO
    SIGILL: crash_handler in libjvm.so, mask=11100100010111111101111111111110, flags=SA_RESTART|SA_SIGINFO
   SIGUSR2: SR_handler in libjvm.so, mask=00000000000000000000000000000000, flags=SA_RESTART|SA_SIGINFO
    SIGHUP: UserHandler in libjvm.so, mask=11100100010111111101111111111110, flags=SA_RESTART|SA_SIGINFO
    SIGINT: UserHandler in libjvm.so, mask=11100100010111111101111111111110, flags=SA_RESTART|SA_SIGINFO
   SIGTERM: UserHandler in libjvm.so, mask=11100100010111111101111111111110, flags=SA_RESTART|SA_SIGINFO
   SIGQUIT: UserHandler in libjvm.so, mask=11100100010111111101111111111110, flags=SA_RESTART|SA_SIGINFO
  *** Handler was modified!
  *** Expected: javaSignalHandler in libjvm.so, mask=11100100110111111111111111111110, flags=SA_RESTART|SA_SIGINFO
   SIGTRAP: crash_handler in libjvm.so, mask=11100100010111111101111111111110, flags=SA_RESTART|SA_SIGINFO


---------------  S Y S T E M  ---------------

OS:
DISTRIB_ID=Ubuntu
DISTRIB_RELEASE=20.04
DISTRIB_CODENAME=focal
DISTRIB_DESCRIPTION="Ubuntu 20.04.2 LTS"
uname: Linux 6.2.0-1019-gcp #21~22.04.1-Ubuntu SMP Thu Nov 16 18:18:34 UTC 2023 x86_64
OS uptime: 0 days 5:47 hours
libc: glibc 2.35 NPTL 2.35 
rlimit (soft/hard): STACK 8192k/infinity , CORE infinity/infinity , NPROC infinity/infinity , NOFILE 5242/5242 , AS infinity/infinity , CPU infinity/infinity , DATA infinity/infinity , FSIZE infinity/infinity , MEMLOCK 8192k/8192k
load average: 20.58 15.20 14.15

/proc/meminfo:
MemTotal:       65835928 kB
MemFree:        41819224 kB
MemAvailable:   51902340 kB
Buffers:         2172260 kB
Cached:          7562780 kB
SwapCached:            0 kB
Active:          6106032 kB
Inactive:       15782528 kB
Active(anon):       7800 kB
Inactive(anon): 12158976 kB
Active(file):    6098232 kB
Inactive(file):  3623552 kB
Unevictable:       28024 kB
Mlocked:           28024 kB
SwapTotal:             0 kB
SwapFree:              0 kB
Zswap:                 0 kB
Zswapped:              0 kB
Dirty:              2888 kB
Writeback:           184 kB
AnonPages:      11957616 kB
Mapped:          1676560 kB
Shmem:             50120 kB
KReclaimable:    1087784 kB
Slab:            1521388 kB
SReclaimable:    1087784 kB
SUnreclaim:       433604 kB
KernelStack:       91120 kB
PageTables:       200368 kB
SecPageTables:         0 kB
NFS_Unstable:          0 kB
Bounce:                0 kB
WritebackTmp:          0 kB
CommitLimit:    32917964 kB
Committed_AS:   32501244 kB
VmallocTotal:   34359738367 kB
VmallocUsed:      116364 kB
VmallocChunk:          0 kB
Percpu:            35136 kB
HardwareCorrupted:     0 kB
AnonHugePages:    876544 kB
ShmemHugePages:        0 kB
ShmemPmdMapped:        0 kB
FileHugePages:         0 kB
FilePmdMapped:         0 kB
HugePages_Total:       0
HugePages_Free:        0
HugePages_Rsvd:        0
HugePages_Surp:        0
Hugepagesize:       2048 kB
Hugetlb:               0 kB
DirectMap4k:      193336 kB
DirectMap2M:     8192000 kB
DirectMap1G:    60817408 kB

/sys/kernel/mm/transparent_hugepage/enabled: always [madvise] never
/sys/kernel/mm/transparent_hugepage/defrag (defrag/compaction efforts parameter): always defer defer+madvise [madvise] never

Process Memory:
Virtual Size: 4590204K (peak: 4755260K)
Resident Set Size: 703548K (peak: 900128K) (anon: 505948K, file: 197600K, shmem: 0K)
Swapped out: 0K
C-Heap outstanding allocations: 38494K, retained: 9977K
glibc malloc tunables: (default)

/proc/sys/kernel/threads-max (system-wide limit on the number of threads): 514278
/proc/sys/vm/max_map_count (maximum number of memory map areas a process may have): 65530
/proc/sys/kernel/pid_max (system-wide limit on number of process identifiers): 4194304

container (cgroup) information:
container_type: cgroupv2
cpu_cpuset_cpus: not supported
cpu_memory_nodes: not supported
active_processor_count: 1
cpu_quota: 50000
cpu_period: 100000
cpu_shares: no shares
memory_limit_in_bytes: 1048576 k
memory_and_swap_limit_in_bytes: unlimited
memory_soft_limit_in_bytes: 524288 k
memory_usage_in_bytes: 567152 k
memory_max_usage_in_bytes: not supported
maximum number of tasks: not supported
current number of tasks: not supported

KVM virtualization detected
Steal ticks since vm start: 2293
Steal ticks percentage since vm start:  0.002

CPU: total 8 (initial active 1) (4 cores per cpu, 2 threads per core) family 6 model 79 stepping 0 microcode 0xffffffff, cx8, cmov, fxsr, ht, mmx, 3dnowpref, sse, sse2, sse3, ssse3, sse4.1, sse4.2, popcnt, lzcnt, tsc, tscinvbit, avx, avx2, aes, erms, clmul, bmi1, bmi2, rtm, adx, fma, vzeroupper, clflush, hv
CPU Model and flags from /proc/cpuinfo:
model name	: Intel(R) Xeon(R) CPU @ 2.20GHz
flags		: fpu vme de pse tsc msr pae mce cx8 apic sep mtrr pge mca cmov pat pse36 clflush mmx fxsr sse sse2 ss ht syscall nx pdpe1gb rdtscp lm constant_tsc rep_good nopl xtopology nonstop_tsc cpuid tsc_known_freq pni pclmulqdq ssse3 fma cx16 pcid sse4_1 sse4_2 x2apic movbe popcnt aes xsave avx f16c rdrand hypervisor lahf_lm abm 3dnowprefetch invpcid_single pti ssbd ibrs ibpb stibp fsgsbase tsc_adjust bmi1 hle avx2 smep bmi2 erms invpcid rtm rdseed adx smap xsaveopt arat md_clear arch_capabilities

Online cpus: 0-7
Offline cpus: 
BIOS frequency limitation: <Not Available>
Frequency switch latency (ns): <Not Available>
Available cpu frequencies: <Not Available>
Current governor: <Not Available>
Core performance/turbo boost: <Not Available>

Memory: 4k page, physical 1048576k(481508k free), swap 0k(0k free)
Page Sizes: 4k

vm_info: OpenJDK 64-Bit Server VM (17.0.5+8-jvmci-22.3-b08) for linux-amd64 JRE (17.0.5+8-jvmci-22.3-b08), built on Oct 19 2022 09:01:27 by "buildslave" with gcc 10.3.0

END.
